<?xml version="1.0" encoding="UTF-8"?>
<!-- Generated by org.testng.reporters.JUnitXMLReporter -->
<testsuite hostname="LAPTOP-5VPLT75S" ignored="0" name="mock测试" tests="5" failures="0" timestamp="2020-08-25T21:30:31 GST" time="0.114" errors="0">
  <testcase name="getCookies" time="0.033" classname="com.cases.GetTest"/>
  <testcase name="setCookies" time="0.003" classname="com.cases.GetTest"/>
  <testcase name="test" time="0.041" classname="com.cases.GetTest"/>
  <testcase name="test01" time="0.007" classname="com.cases.GetTest"/>
  <testcase name="test02" time="0.006" classname="com.cases.GetTest"/>
</testsuite> <!-- mock测试 -->
