-------------------------------------------------------------------------------
Test set: com.imooc.GetDemoTest
-------------------------------------------------------------------------------
Tests run: 1, Failures: 0, Errors: 1, Skipped: 0, Time elapsed: 0.081 sec <<< FAILURE!
getInfo(com.imooc.GetDemoTest)  Time elapsed: 0.017 sec  <<< ERROR!
java.lang.StackOverflowError
	at com.imooc.GetDemoTest.getInfo(GetDemoTest.java:12)
	at com.imooc.GetDemoTest.getInfo(GetDemoTest.java:12)
	at com.imooc.GetDemoTest.getInfo(GetDemoTest.java:12)
	at com.imooc.GetDemoTest.getInfo(GetDemoTest.java:12)
	at com.imooc.GetDemoTest.getInfo(GetDemoTest.java:12)
	at com.imooc.GetDemoTest.getInfo(GetDemoTest.java:12)
	at com.imooc.GetDemoTest.getInfo(GetDemoTest.java:12)
	at com.imooc.GetDemoTest.getInfo(GetDemoTest.java:12)
	at com.imooc.GetDemoTest.getInfo(GetDemoTest.java:12)
	at com.imooc.GetDemoTest.getInfo(GetDemoTest.java:12)
	at com.imooc.GetDemoTest.getInfo(GetDemoTest.java:12)
	at com.imooc.GetDemoTest.getInfo(GetDemoTest.java:12)
	at com.imooc.GetDemoTest.getInfo(GetDemoTest.java:12)
	at com.imooc.GetDemoTest.getInfo(GetDemoTest.java:12)
	at com.imooc.GetDemoTest.getInfo(GetDemoTest.java:12)
	at com.imooc.GetDemoTest.getInfo(GetDemoTest.java:12)
	at com.imooc.GetDemoTest.getInfo(GetDemoTest.java:12)
	at com.imooc.GetDemoTest.getInfo(GetDemoTest.java:12)
	at com.imooc.GetDemoTest.getInfo(GetDemoTest.java:12)
	at com.imooc.GetDemoTest.getInfo(GetDemoTest.java:12)
	at com.imooc.GetDemoTest.getInfo(GetDemoTest.java:12)
	at com.imooc.GetDemoTest.getInfo(GetDemoTest.java:12)
	at com.imooc.GetDemoTest.getInfo(GetDemoTest.java:12)
	at com.imooc.GetDemoTest.getInfo(GetDemoTest.java:12)
	at com.imooc.GetDemoTest.getInfo(GetDemoTest.java:12)
	at com.imooc.GetDemoTest.getInfo(GetDemoTest.java:12)
	at com.imooc.GetDemoTest.getInfo(GetDemoTest.java:12)
	at com.imooc.GetDemoTest.getInfo(GetDemoTest.java:12)
	at com.imooc.GetDemoTest.getInfo(GetDemoTest.java:12)
	at com.imooc.GetDemoTest.getInfo(GetDemoTest.java:12)
	at com.imooc.GetDemoTest.getInfo(GetDemoTest.java:12)
	at com.imooc.GetDemoTest.getInfo(GetDemoTest.java:12)
	at com.imooc.GetDemoTest.getInfo(GetDemoTest.java:12)
	at com.imooc.GetDemoTest.getInfo(GetDemoTest.java:12)
	at com.imooc.GetDemoTest.getInfo(GetDemoTest.java:12)
	at com.imooc.GetDemoTest.getInfo(GetDemoTest.java:12)
	at com.imooc.GetDemoTest.getInfo(GetDemoTest.java:12)
	at com.imooc.GetDemoTest.getInfo(GetDemoTest.java:12)
	at com.imooc.GetDemoTest.getInfo(GetDemoTest.java:12)
	at com.imooc.GetDemoTest.getInfo(GetDemoTest.java:12)
	at com.imooc.GetDemoTest.getInfo(GetDemoTest.java:12)
	at com.imooc.GetDemoTest.getInfo(GetDemoTest.java:12)
	at com.imooc.GetDemoTest.getInfo(GetDemoTest.java:12)
	at com.imooc.GetDemoTest.getInfo(GetDemoTest.java:12)
	at com.imooc.GetDemoTest.getInfo(GetDemoTest.java:12)
	at com.imooc.GetDemoTest.getInfo(GetDemoTest.java:12)
	at com.imooc.GetDemoTest.getInfo(GetDemoTest.java:12)
	at com.imooc.GetDemoTest.getInfo(GetDemoTest.java:12)
	at com.imooc.GetDemoTest.getInfo(GetDemoTest.java:12)
	at com.imooc.GetDemoTest.getInfo(GetDemoTest.java:12)
	at com.imooc.GetDemoTest.getInfo(GetDemoTest.java:12)
	at com.imooc.GetDemoTest.getInfo(GetDemoTest.java:12)
	at com.imooc.GetDemoTest.getInfo(GetDemoTest.java:12)
	at com.imooc.GetDemoTest.getInfo(GetDemoTest.java:12)
	at com.imooc.GetDemoTest.getInfo(GetDemoTest.java:12)
	at com.imooc.GetDemoTest.getInfo(GetDemoTest.java:12)
	at com.imooc.GetDemoTest.getInfo(GetDemoTest.java:12)
	at com.imooc.GetDemoTest.getInfo(GetDemoTest.java:12)
	at com.imooc.GetDemoTest.getInfo(GetDemoTest.java:12)
	at com.imooc.GetDemoTest.getInfo(GetDemoTest.java:12)
	at com.imooc.GetDemoTest.getInfo(GetDemoTest.java:12)
	at com.imooc.GetDemoTest.getInfo(GetDemoTest.java:12)
	at com.imooc.GetDemoTest.getInfo(GetDemoTest.java:12)
	at com.imooc.GetDemoTest.getInfo(GetDemoTest.java:12)
	at com.imooc.GetDemoTest.getInfo(GetDemoTest.java:12)
	at com.imooc.GetDemoTest.getInfo(GetDemoTest.java:12)
	at com.imooc.GetDemoTest.getInfo(GetDemoTest.java:12)
	at com.imooc.GetDemoTest.getInfo(GetDemoTest.java:12)
	at com.imooc.GetDemoTest.getInfo(GetDemoTest.java:12)
	at com.imooc.GetDemoTest.getInfo(GetDemoTest.java:12)
	at com.imooc.GetDemoTest.getInfo(GetDemoTest.java:12)
	at com.imooc.GetDemoTest.getInfo(GetDemoTest.java:12)
	at com.imooc.GetDemoTest.getInfo(GetDemoTest.java:12)
	at com.imooc.GetDemoTest.getInfo(GetDemoTest.java:12)
	at com.imooc.GetDemoTest.getInfo(GetDemoTest.java:12)
	at com.imooc.GetDemoTest.getInfo(GetDemoTest.java:12)
	at com.imooc.GetDemoTest.getInfo(GetDemoTest.java:12)
	at com.imooc.GetDemoTest.getInfo(GetDemoTest.java:12)
	at com.imooc.GetDemoTest.getInfo(GetDemoTest.java:12)
	at com.imooc.GetDemoTest.getInfo(GetDemoTest.java:12)
	at com.imooc.GetDemoTest.getInfo(GetDemoTest.java:12)
	at com.imooc.GetDemoTest.getInfo(GetDemoTest.java:12)
	at com.imooc.GetDemoTest.getInfo(GetDemoTest.java:12)
	at com.imooc.GetDemoTest.getInfo(GetDemoTest.java:12)
	at com.imooc.GetDemoTest.getInfo(GetDemoTest.java:12)
	at com.imooc.GetDemoTest.getInfo(GetDemoTest.java:12)
	at com.imooc.GetDemoTest.getInfo(GetDemoTest.java:12)
	at com.imooc.GetDemoTest.getInfo(GetDemoTest.java:12)
	at com.imooc.GetDemoTest.getInfo(GetDemoTest.java:12)
	at com.imooc.GetDemoTest.getInfo(GetDemoTest.java:12)
	at com.imooc.GetDemoTest.getInfo(GetDemoTest.java:12)
	at com.imooc.GetDemoTest.getInfo(GetDemoTest.java:12)
	at com.imooc.GetDemoTest.getInfo(GetDemoTest.java:12)
	at com.imooc.GetDemoTest.getInfo(GetDemoTest.java:12)
	at com.imooc.GetDemoTest.getInfo(GetDemoTest.java:12)
	at com.imooc.GetDemoTest.getInfo(GetDemoTest.java:12)
	at com.imooc.GetDemoTest.getInfo(GetDemoTest.java:12)
	at com.imooc.GetDemoTest.getInfo(GetDemoTest.java:12)
	at com.imooc.GetDemoTest.getInfo(GetDemoTest.java:12)
	at com.imooc.GetDemoTest.getInfo(GetDemoTest.java:12)
	at com.imooc.GetDemoTest.getInfo(GetDemoTest.java:12)
	at com.imooc.GetDemoTest.getInfo(GetDemoTest.java:12)
	at com.imooc.GetDemoTest.getInfo(GetDemoTest.java:12)
	at com.imooc.GetDemoTest.getInfo(GetDemoTest.java:12)
	at com.imooc.GetDemoTest.getInfo(GetDemoTest.java:12)
	at com.imooc.GetDemoTest.getInfo(GetDemoTest.java:12)
	at com.imooc.GetDemoTest.getInfo(GetDemoTest.java:12)
	at com.imooc.GetDemoTest.getInfo(GetDemoTest.java:12)
	at com.imooc.GetDemoTest.getInfo(GetDemoTest.java:12)
	at com.imooc.GetDemoTest.getInfo(GetDemoTest.java:12)
	at com.imooc.GetDemoTest.getInfo(GetDemoTest.java:12)
	at com.imooc.GetDemoTest.getInfo(GetDemoTest.java:12)
	at com.imooc.GetDemoTest.getInfo(GetDemoTest.java:12)
	at com.imooc.GetDemoTest.getInfo(GetDemoTest.java:12)
	at com.imooc.GetDemoTest.getInfo(GetDemoTest.java:12)
	at com.imooc.GetDemoTest.getInfo(GetDemoTest.java:12)
	at com.imooc.GetDemoTest.getInfo(GetDemoTest.java:12)
	at com.imooc.GetDemoTest.getInfo(GetDemoTest.java:12)
	at com.imooc.GetDemoTest.getInfo(GetDemoTest.java:12)
	at com.imooc.GetDemoTest.getInfo(GetDemoTest.java:12)
	at com.imooc.GetDemoTest.getInfo(GetDemoTest.java:12)
	at com.imooc.GetDemoTest.getInfo(GetDemoTest.java:12)
	at com.imooc.GetDemoTest.getInfo(GetDemoTest.java:12)
	at com.imooc.GetDemoTest.getInfo(GetDemoTest.java:12)
	at com.imooc.GetDemoTest.getInfo(GetDemoTest.java:12)
	at com.imooc.GetDemoTest.getInfo(GetDemoTest.java:12)
	at com.imooc.GetDemoTest.getInfo(GetDemoTest.java:12)
	at com.imooc.GetDemoTest.getInfo(GetDemoTest.java:12)
	at com.imooc.GetDemoTest.getInfo(GetDemoTest.java:12)
	at com.imooc.GetDemoTest.getInfo(GetDemoTest.java:12)
	at com.imooc.GetDemoTest.getInfo(GetDemoTest.java:12)
	at com.imooc.GetDemoTest.getInfo(GetDemoTest.java:12)
	at com.imooc.GetDemoTest.getInfo(GetDemoTest.java:12)
	at com.imooc.GetDemoTest.getInfo(GetDemoTest.java:12)
	at com.imooc.GetDemoTest.getInfo(GetDemoTest.java:12)
	at com.imooc.GetDemoTest.getInfo(GetDemoTest.java:12)
	at com.imooc.GetDemoTest.getInfo(GetDemoTest.java:12)
	at com.imooc.GetDemoTest.getInfo(GetDemoTest.java:12)
	at com.imooc.GetDemoTest.getInfo(GetDemoTest.java:12)
	at com.imooc.GetDemoTest.getInfo(GetDemoTest.java:12)
	at com.imooc.GetDemoTest.getInfo(GetDemoTest.java:12)
	at com.imooc.GetDemoTest.getInfo(GetDemoTest.java:12)
	at com.imooc.GetDemoTest.getInfo(GetDemoTest.java:12)
	at com.imooc.GetDemoTest.getInfo(GetDemoTest.java:12)
	at com.imooc.GetDemoTest.getInfo(GetDemoTest.java:12)
	at com.imooc.GetDemoTest.getInfo(GetDemoTest.java:12)
	at com.imooc.GetDemoTest.getInfo(GetDemoTest.java:12)
	at com.imooc.GetDemoTest.getInfo(GetDemoTest.java:12)
	at com.imooc.GetDemoTest.getInfo(GetDemoTest.java:12)
	at com.imooc.GetDemoTest.getInfo(GetDemoTest.java:12)
	at com.imooc.GetDemoTest.getInfo(GetDemoTest.java:12)
	at com.imooc.GetDemoTest.getInfo(GetDemoTest.java:12)
	at com.imooc.GetDemoTest.getInfo(GetDemoTest.java:12)
	at com.imooc.GetDemoTest.getInfo(GetDemoTest.java:12)
	at com.imooc.GetDemoTest.getInfo(GetDemoTest.java:12)
	at com.imooc.GetDemoTest.getInfo(GetDemoTest.java:12)
	at com.imooc.GetDemoTest.getInfo(GetDemoTest.java:12)
	at com.imooc.GetDemoTest.getInfo(GetDemoTest.java:12)
	at com.imooc.GetDemoTest.getInfo(GetDemoTest.java:12)
	at com.imooc.GetDemoTest.getInfo(GetDemoTest.java:12)
	at com.imooc.GetDemoTest.getInfo(GetDemoTest.java:12)
	at com.imooc.GetDemoTest.getInfo(GetDemoTest.java:12)
	at com.imooc.GetDemoTest.getInfo(GetDemoTest.java:12)
	at com.imooc.GetDemoTest.getInfo(GetDemoTest.java:12)
	at com.imooc.GetDemoTest.getInfo(GetDemoTest.java:12)
	at com.imooc.GetDemoTest.getInfo(GetDemoTest.java:12)
	at com.imooc.GetDemoTest.getInfo(GetDemoTest.java:12)
	at com.imooc.GetDemoTest.getInfo(GetDemoTest.java:12)
	at com.imooc.GetDemoTest.getInfo(GetDemoTest.java:12)
	at com.imooc.GetDemoTest.getInfo(GetDemoTest.java:12)
	at com.imooc.GetDemoTest.getInfo(GetDemoTest.java:12)
	at com.imooc.GetDemoTest.getInfo(GetDemoTest.java:12)
	at com.imooc.GetDemoTest.getInfo(GetDemoTest.java:12)
	at com.imooc.GetDemoTest.getInfo(GetDemoTest.java:12)
	at com.imooc.GetDemoTest.getInfo(GetDemoTest.java:12)
	at com.imooc.GetDemoTest.getInfo(GetDemoTest.java:12)
	at com.imooc.GetDemoTest.getInfo(GetDemoTest.java:12)
	at com.imooc.GetDemoTest.getInfo(GetDemoTest.java:12)
	at com.imooc.GetDemoTest.getInfo(GetDemoTest.java:12)
	at com.imooc.GetDemoTest.getInfo(GetDemoTest.java:12)
	at com.imooc.GetDemoTest.getInfo(GetDemoTest.java:12)
	at com.imooc.GetDemoTest.getInfo(GetDemoTest.java:12)
	at com.imooc.GetDemoTest.getInfo(GetDemoTest.java:12)
	at com.imooc.GetDemoTest.getInfo(GetDemoTest.java:12)
	at com.imooc.GetDemoTest.getInfo(GetDemoTest.java:12)
	at com.imooc.GetDemoTest.getInfo(GetDemoTest.java:12)
	at com.imooc.GetDemoTest.getInfo(GetDemoTest.java:12)
	at com.imooc.GetDemoTest.getInfo(GetDemoTest.java:12)
	at com.imooc.GetDemoTest.getInfo(GetDemoTest.java:12)
	at com.imooc.GetDemoTest.getInfo(GetDemoTest.java:12)
	at com.imooc.GetDemoTest.getInfo(GetDemoTest.java:12)
	at com.imooc.GetDemoTest.getInfo(GetDemoTest.java:12)
	at com.imooc.GetDemoTest.getInfo(GetDemoTest.java:12)
	at com.imooc.GetDemoTest.getInfo(GetDemoTest.java:12)
	at com.imooc.GetDemoTest.getInfo(GetDemoTest.java:12)
	at com.imooc.GetDemoTest.getInfo(GetDemoTest.java:12)
	at com.imooc.GetDemoTest.getInfo(GetDemoTest.java:12)
	at com.imooc.GetDemoTest.getInfo(GetDemoTest.java:12)
	at com.imooc.GetDemoTest.getInfo(GetDemoTest.java:12)
	at com.imooc.GetDemoTest.getInfo(GetDemoTest.java:12)
	at com.imooc.GetDemoTest.getInfo(GetDemoTest.java:12)
	at com.imooc.GetDemoTest.getInfo(GetDemoTest.java:12)
	at com.imooc.GetDemoTest.getInfo(GetDemoTest.java:12)
	at com.imooc.GetDemoTest.getInfo(GetDemoTest.java:12)
	at com.imooc.GetDemoTest.getInfo(GetDemoTest.java:12)
	at com.imooc.GetDemoTest.getInfo(GetDemoTest.java:12)
	at com.imooc.GetDemoTest.getInfo(GetDemoTest.java:12)
	at com.imooc.GetDemoTest.getInfo(GetDemoTest.java:12)
	at com.imooc.GetDemoTest.getInfo(GetDemoTest.java:12)
	at com.imooc.GetDemoTest.getInfo(GetDemoTest.java:12)
	at com.imooc.GetDemoTest.getInfo(GetDemoTest.java:12)
	at com.imooc.GetDemoTest.getInfo(GetDemoTest.java:12)
	at com.imooc.GetDemoTest.getInfo(GetDemoTest.java:12)
	at com.imooc.GetDemoTest.getInfo(GetDemoTest.java:12)
	at com.imooc.GetDemoTest.getInfo(GetDemoTest.java:12)
	at com.imooc.GetDemoTest.getInfo(GetDemoTest.java:12)
	at com.imooc.GetDemoTest.getInfo(GetDemoTest.java:12)
	at com.imooc.GetDemoTest.getInfo(GetDemoTest.java:12)
	at com.imooc.GetDemoTest.getInfo(GetDemoTest.java:12)
	at com.imooc.GetDemoTest.getInfo(GetDemoTest.java:12)
	at com.imooc.GetDemoTest.getInfo(GetDemoTest.java:12)
	at com.imooc.GetDemoTest.getInfo(GetDemoTest.java:12)
	at com.imooc.GetDemoTest.getInfo(GetDemoTest.java:12)
	at com.imooc.GetDemoTest.getInfo(GetDemoTest.java:12)
	at com.imooc.GetDemoTest.getInfo(GetDemoTest.java:12)
	at com.imooc.GetDemoTest.getInfo(GetDemoTest.java:12)
	at com.imooc.GetDemoTest.getInfo(GetDemoTest.java:12)
	at com.imooc.GetDemoTest.getInfo(GetDemoTest.java:12)
	at com.imooc.GetDemoTest.getInfo(GetDemoTest.java:12)
	at com.imooc.GetDemoTest.getInfo(GetDemoTest.java:12)
	at com.imooc.GetDemoTest.getInfo(GetDemoTest.java:12)
	at com.imooc.GetDemoTest.getInfo(GetDemoTest.java:12)
	at com.imooc.GetDemoTest.getInfo(GetDemoTest.java:12)
	at com.imooc.GetDemoTest.getInfo(GetDemoTest.java:12)
	at com.imooc.GetDemoTest.getInfo(GetDemoTest.java:12)
	at com.imooc.GetDemoTest.getInfo(GetDemoTest.java:12)
	at com.imooc.GetDemoTest.getInfo(GetDemoTest.java:12)
	at com.imooc.GetDemoTest.getInfo(GetDemoTest.java:12)
	at com.imooc.GetDemoTest.getInfo(GetDemoTest.java:12)
	at com.imooc.GetDemoTest.getInfo(GetDemoTest.java:12)
	at com.imooc.GetDemoTest.getInfo(GetDemoTest.java:12)
	at com.imooc.GetDemoTest.getInfo(GetDemoTest.java:12)
	at com.imooc.GetDemoTest.getInfo(GetDemoTest.java:12)
	at com.imooc.GetDemoTest.getInfo(GetDemoTest.java:12)
	at com.imooc.GetDemoTest.getInfo(GetDemoTest.java:12)
	at com.imooc.GetDemoTest.getInfo(GetDemoTest.java:12)
	at com.imooc.GetDemoTest.getInfo(GetDemoTest.java:12)
	at com.imooc.GetDemoTest.getInfo(GetDemoTest.java:12)
	at com.imooc.GetDemoTest.getInfo(GetDemoTest.java:12)
	at com.imooc.GetDemoTest.getInfo(GetDemoTest.java:12)
	at com.imooc.GetDemoTest.getInfo(GetDemoTest.java:12)
	at com.imooc.GetDemoTest.getInfo(GetDemoTest.java:12)
	at com.imooc.GetDemoTest.getInfo(GetDemoTest.java:12)
	at com.imooc.GetDemoTest.getInfo(GetDemoTest.java:12)
	at com.imooc.GetDemoTest.getInfo(GetDemoTest.java:12)
	at com.imooc.GetDemoTest.getInfo(GetDemoTest.java:12)
	at com.imooc.GetDemoTest.getInfo(GetDemoTest.java:12)
	at com.imooc.GetDemoTest.getInfo(GetDemoTest.java:12)
	at com.imooc.GetDemoTest.getInfo(GetDemoTest.java:12)
	at com.imooc.GetDemoTest.getInfo(GetDemoTest.java:12)
	at com.imooc.GetDemoTest.getInfo(GetDemoTest.java:12)
	at com.imooc.GetDemoTest.getInfo(GetDemoTest.java:12)
	at com.imooc.GetDemoTest.getInfo(GetDemoTest.java:12)
	at com.imooc.GetDemoTest.getInfo(GetDemoTest.java:12)
	at com.imooc.GetDemoTest.getInfo(GetDemoTest.java:12)
	at com.imooc.GetDemoTest.getInfo(GetDemoTest.java:12)
	at com.imooc.GetDemoTest.getInfo(GetDemoTest.java:12)
	at com.imooc.GetDemoTest.getInfo(GetDemoTest.java:12)
	at com.imooc.GetDemoTest.getInfo(GetDemoTest.java:12)
	at com.imooc.GetDemoTest.getInfo(GetDemoTest.java:12)
	at com.imooc.GetDemoTest.getInfo(GetDemoTest.java:12)
	at com.imooc.GetDemoTest.getInfo(GetDemoTest.java:12)
	at com.imooc.GetDemoTest.getInfo(GetDemoTest.java:12)
	at com.imooc.GetDemoTest.getInfo(GetDemoTest.java:12)
	at com.imooc.GetDemoTest.getInfo(GetDemoTest.java:12)
	at com.imooc.GetDemoTest.getInfo(GetDemoTest.java:12)
	at com.imooc.GetDemoTest.getInfo(GetDemoTest.java:12)
	at com.imooc.GetDemoTest.getInfo(GetDemoTest.java:12)
	at com.imooc.GetDemoTest.getInfo(GetDemoTest.java:12)
	at com.imooc.GetDemoTest.getInfo(GetDemoTest.java:12)
	at com.imooc.GetDemoTest.getInfo(GetDemoTest.java:12)
	at com.imooc.GetDemoTest.getInfo(GetDemoTest.java:12)
	at com.imooc.GetDemoTest.getInfo(GetDemoTest.java:12)
	at com.imooc.GetDemoTest.getInfo(GetDemoTest.java:12)
	at com.imooc.GetDemoTest.getInfo(GetDemoTest.java:12)
	at com.imooc.GetDemoTest.getInfo(GetDemoTest.java:12)
	at com.imooc.GetDemoTest.getInfo(GetDemoTest.java:12)
	at com.imooc.GetDemoTest.getInfo(GetDemoTest.java:12)
	at com.imooc.GetDemoTest.getInfo(GetDemoTest.java:12)
	at com.imooc.GetDemoTest.getInfo(GetDemoTest.java:12)
	at com.imooc.GetDemoTest.getInfo(GetDemoTest.java:12)
	at com.imooc.GetDemoTest.getInfo(GetDemoTest.java:12)
	at com.imooc.GetDemoTest.getInfo(GetDemoTest.java:12)
	at com.imooc.GetDemoTest.getInfo(GetDemoTest.java:12)
	at com.imooc.GetDemoTest.getInfo(GetDemoTest.java:12)
	at com.imooc.GetDemoTest.getInfo(GetDemoTest.java:12)
	at com.imooc.GetDemoTest.getInfo(GetDemoTest.java:12)
	at com.imooc.GetDemoTest.getInfo(GetDemoTest.java:12)
	at com.imooc.GetDemoTest.getInfo(GetDemoTest.java:12)
	at com.imooc.GetDemoTest.getInfo(GetDemoTest.java:12)
	at com.imooc.GetDemoTest.getInfo(GetDemoTest.java:12)
	at com.imooc.GetDemoTest.getInfo(GetDemoTest.java:12)
	at com.imooc.GetDemoTest.getInfo(GetDemoTest.java:12)
	at com.imooc.GetDemoTest.getInfo(GetDemoTest.java:12)
	at com.imooc.GetDemoTest.getInfo(GetDemoTest.java:12)
	at com.imooc.GetDemoTest.getInfo(GetDemoTest.java:12)
	at com.imooc.GetDemoTest.getInfo(GetDemoTest.java:12)
	at com.imooc.GetDemoTest.getInfo(GetDemoTest.java:12)
	at com.imooc.GetDemoTest.getInfo(GetDemoTest.java:12)
	at com.imooc.GetDemoTest.getInfo(GetDemoTest.java:12)
	at com.imooc.GetDemoTest.getInfo(GetDemoTest.java:12)
	at com.imooc.GetDemoTest.getInfo(GetDemoTest.java:12)
	at com.imooc.GetDemoTest.getInfo(GetDemoTest.java:12)
	at com.imooc.GetDemoTest.getInfo(GetDemoTest.java:12)
	at com.imooc.GetDemoTest.getInfo(GetDemoTest.java:12)
	at com.imooc.GetDemoTest.getInfo(GetDemoTest.java:12)
	at com.imooc.GetDemoTest.getInfo(GetDemoTest.java:12)
	at com.imooc.GetDemoTest.getInfo(GetDemoTest.java:12)
	at com.imooc.GetDemoTest.getInfo(GetDemoTest.java:12)
	at com.imooc.GetDemoTest.getInfo(GetDemoTest.java:12)
	at com.imooc.GetDemoTest.getInfo(GetDemoTest.java:12)
	at com.imooc.GetDemoTest.getInfo(GetDemoTest.java:12)
	at com.imooc.GetDemoTest.getInfo(GetDemoTest.java:12)
	at com.imooc.GetDemoTest.getInfo(GetDemoTest.java:12)
	at com.imooc.GetDemoTest.getInfo(GetDemoTest.java:12)
	at com.imooc.GetDemoTest.getInfo(GetDemoTest.java:12)
	at com.imooc.GetDemoTest.getInfo(GetDemoTest.java:12)
	at com.imooc.GetDemoTest.getInfo(GetDemoTest.java:12)
	at com.imooc.GetDemoTest.getInfo(GetDemoTest.java:12)
	at com.imooc.GetDemoTest.getInfo(GetDemoTest.java:12)
	at com.imooc.GetDemoTest.getInfo(GetDemoTest.java:12)
	at com.imooc.GetDemoTest.getInfo(GetDemoTest.java:12)
	at com.imooc.GetDemoTest.getInfo(GetDemoTest.java:12)
	at com.imooc.GetDemoTest.getInfo(GetDemoTest.java:12)
	at com.imooc.GetDemoTest.getInfo(GetDemoTest.java:12)
	at com.imooc.GetDemoTest.getInfo(GetDemoTest.java:12)
	at com.imooc.GetDemoTest.getInfo(GetDemoTest.java:12)
	at com.imooc.GetDemoTest.getInfo(GetDemoTest.java:12)
	at com.imooc.GetDemoTest.getInfo(GetDemoTest.java:12)
	at com.imooc.GetDemoTest.getInfo(GetDemoTest.java:12)
	at com.imooc.GetDemoTest.getInfo(GetDemoTest.java:12)
	at com.imooc.GetDemoTest.getInfo(GetDemoTest.java:12)
	at com.imooc.GetDemoTest.getInfo(GetDemoTest.java:12)
	at com.imooc.GetDemoTest.getInfo(GetDemoTest.java:12)
	at com.imooc.GetDemoTest.getInfo(GetDemoTest.java:12)
	at com.imooc.GetDemoTest.getInfo(GetDemoTest.java:12)
	at com.imooc.GetDemoTest.getInfo(GetDemoTest.java:12)
	at com.imooc.GetDemoTest.getInfo(GetDemoTest.java:12)
	at com.imooc.GetDemoTest.getInfo(GetDemoTest.java:12)
	at com.imooc.GetDemoTest.getInfo(GetDemoTest.java:12)
	at com.imooc.GetDemoTest.getInfo(GetDemoTest.java:12)
	at com.imooc.GetDemoTest.getInfo(GetDemoTest.java:12)
	at com.imooc.GetDemoTest.getInfo(GetDemoTest.java:12)
	at com.imooc.GetDemoTest.getInfo(GetDemoTest.java:12)
	at com.imooc.GetDemoTest.getInfo(GetDemoTest.java:12)
	at com.imooc.GetDemoTest.getInfo(GetDemoTest.java:12)
	at com.imooc.GetDemoTest.getInfo(GetDemoTest.java:12)
	at com.imooc.GetDemoTest.getInfo(GetDemoTest.java:12)
	at com.imooc.GetDemoTest.getInfo(GetDemoTest.java:12)
	at com.imooc.GetDemoTest.getInfo(GetDemoTest.java:12)
	at com.imooc.GetDemoTest.getInfo(GetDemoTest.java:12)
	at com.imooc.GetDemoTest.getInfo(GetDemoTest.java:12)
	at com.imooc.GetDemoTest.getInfo(GetDemoTest.java:12)
	at com.imooc.GetDemoTest.getInfo(GetDemoTest.java:12)
	at com.imooc.GetDemoTest.getInfo(GetDemoTest.java:12)
	at com.imooc.GetDemoTest.getInfo(GetDemoTest.java:12)
	at com.imooc.GetDemoTest.getInfo(GetDemoTest.java:12)
	at com.imooc.GetDemoTest.getInfo(GetDemoTest.java:12)
	at com.imooc.GetDemoTest.getInfo(GetDemoTest.java:12)
	at com.imooc.GetDemoTest.getInfo(GetDemoTest.java:12)
	at com.imooc.GetDemoTest.getInfo(GetDemoTest.java:12)
	at com.imooc.GetDemoTest.getInfo(GetDemoTest.java:12)
	at com.imooc.GetDemoTest.getInfo(GetDemoTest.java:12)
	at com.imooc.GetDemoTest.getInfo(GetDemoTest.java:12)
	at com.imooc.GetDemoTest.getInfo(GetDemoTest.java:12)
	at com.imooc.GetDemoTest.getInfo(GetDemoTest.java:12)
	at com.imooc.GetDemoTest.getInfo(GetDemoTest.java:12)
	at com.imooc.GetDemoTest.getInfo(GetDemoTest.java:12)
	at com.imooc.GetDemoTest.getInfo(GetDemoTest.java:12)
	at com.imooc.GetDemoTest.getInfo(GetDemoTest.java:12)
	at com.imooc.GetDemoTest.getInfo(GetDemoTest.java:12)
	at com.imooc.GetDemoTest.getInfo(GetDemoTest.java:12)
	at com.imooc.GetDemoTest.getInfo(GetDemoTest.java:12)
	at com.imooc.GetDemoTest.getInfo(GetDemoTest.java:12)
	at com.imooc.GetDemoTest.getInfo(GetDemoTest.java:12)
	at com.imooc.GetDemoTest.getInfo(GetDemoTest.java:12)
	at com.imooc.GetDemoTest.getInfo(GetDemoTest.java:12)
	at com.imooc.GetDemoTest.getInfo(GetDemoTest.java:12)
	at com.imooc.GetDemoTest.getInfo(GetDemoTest.java:12)
	at com.imooc.GetDemoTest.getInfo(GetDemoTest.java:12)
	at com.imooc.GetDemoTest.getInfo(GetDemoTest.java:12)
	at com.imooc.GetDemoTest.getInfo(GetDemoTest.java:12)
	at com.imooc.GetDemoTest.getInfo(GetDemoTest.java:12)
	at com.imooc.GetDemoTest.getInfo(GetDemoTest.java:12)
	at com.imooc.GetDemoTest.getInfo(GetDemoTest.java:12)
	at com.imooc.GetDemoTest.getInfo(GetDemoTest.java:12)
	at com.imooc.GetDemoTest.getInfo(GetDemoTest.java:12)
	at com.imooc.GetDemoTest.getInfo(GetDemoTest.java:12)
	at com.imooc.GetDemoTest.getInfo(GetDemoTest.java:12)
	at com.imooc.GetDemoTest.getInfo(GetDemoTest.java:12)
	at com.imooc.GetDemoTest.getInfo(GetDemoTest.java:12)
	at com.imooc.GetDemoTest.getInfo(GetDemoTest.java:12)
	at com.imooc.GetDemoTest.getInfo(GetDemoTest.java:12)
	at com.imooc.GetDemoTest.getInfo(GetDemoTest.java:12)
	at com.imooc.GetDemoTest.getInfo(GetDemoTest.java:12)
	at com.imooc.GetDemoTest.getInfo(GetDemoTest.java:12)
	at com.imooc.GetDemoTest.getInfo(GetDemoTest.java:12)
	at com.imooc.GetDemoTest.getInfo(GetDemoTest.java:12)
	at com.imooc.GetDemoTest.getInfo(GetDemoTest.java:12)
	at com.imooc.GetDemoTest.getInfo(GetDemoTest.java:12)
	at com.imooc.GetDemoTest.getInfo(GetDemoTest.java:12)
	at com.imooc.GetDemoTest.getInfo(GetDemoTest.java:12)
	at com.imooc.GetDemoTest.getInfo(GetDemoTest.java:12)
	at com.imooc.GetDemoTest.getInfo(GetDemoTest.java:12)
	at com.imooc.GetDemoTest.getInfo(GetDemoTest.java:12)
	at com.imooc.GetDemoTest.getInfo(GetDemoTest.java:12)
	at com.imooc.GetDemoTest.getInfo(GetDemoTest.java:12)
	at com.imooc.GetDemoTest.getInfo(GetDemoTest.java:12)
	at com.imooc.GetDemoTest.getInfo(GetDemoTest.java:12)
	at com.imooc.GetDemoTest.getInfo(GetDemoTest.java:12)
	at com.imooc.GetDemoTest.getInfo(GetDemoTest.java:12)
	at com.imooc.GetDemoTest.getInfo(GetDemoTest.java:12)
	at com.imooc.GetDemoTest.getInfo(GetDemoTest.java:12)
	at com.imooc.GetDemoTest.getInfo(GetDemoTest.java:12)
	at com.imooc.GetDemoTest.getInfo(GetDemoTest.java:12)
	at com.imooc.GetDemoTest.getInfo(GetDemoTest.java:12)
	at com.imooc.GetDemoTest.getInfo(GetDemoTest.java:12)
	at com.imooc.GetDemoTest.getInfo(GetDemoTest.java:12)
	at com.imooc.GetDemoTest.getInfo(GetDemoTest.java:12)
	at com.imooc.GetDemoTest.getInfo(GetDemoTest.java:12)
	at com.imooc.GetDemoTest.getInfo(GetDemoTest.java:12)
	at com.imooc.GetDemoTest.getInfo(GetDemoTest.java:12)
	at com.imooc.GetDemoTest.getInfo(GetDemoTest.java:12)
	at com.imooc.GetDemoTest.getInfo(GetDemoTest.java:12)
	at com.imooc.GetDemoTest.getInfo(GetDemoTest.java:12)
	at com.imooc.GetDemoTest.getInfo(GetDemoTest.java:12)
	at com.imooc.GetDemoTest.getInfo(GetDemoTest.java:12)
	at com.imooc.GetDemoTest.getInfo(GetDemoTest.java:12)
	at com.imooc.GetDemoTest.getInfo(GetDemoTest.java:12)
	at com.imooc.GetDemoTest.getInfo(GetDemoTest.java:12)
	at com.imooc.GetDemoTest.getInfo(GetDemoTest.java:12)
	at com.imooc.GetDemoTest.getInfo(GetDemoTest.java:12)
	at com.imooc.GetDemoTest.getInfo(GetDemoTest.java:12)
	at com.imooc.GetDemoTest.getInfo(GetDemoTest.java:12)
	at com.imooc.GetDemoTest.getInfo(GetDemoTest.java:12)
	at com.imooc.GetDemoTest.getInfo(GetDemoTest.java:12)
	at com.imooc.GetDemoTest.getInfo(GetDemoTest.java:12)
	at com.imooc.GetDemoTest.getInfo(GetDemoTest.java:12)
	at com.imooc.GetDemoTest.getInfo(GetDemoTest.java:12)
	at com.imooc.GetDemoTest.getInfo(GetDemoTest.java:12)
	at com.imooc.GetDemoTest.getInfo(GetDemoTest.java:12)
	at com.imooc.GetDemoTest.getInfo(GetDemoTest.java:12)
	at com.imooc.GetDemoTest.getInfo(GetDemoTest.java:12)
	at com.imooc.GetDemoTest.getInfo(GetDemoTest.java:12)
	at com.imooc.GetDemoTest.getInfo(GetDemoTest.java:12)
	at com.imooc.GetDemoTest.getInfo(GetDemoTest.java:12)
	at com.imooc.GetDemoTest.getInfo(GetDemoTest.java:12)
	at com.imooc.GetDemoTest.getInfo(GetDemoTest.java:12)
	at com.imooc.GetDemoTest.getInfo(GetDemoTest.java:12)
	at com.imooc.GetDemoTest.getInfo(GetDemoTest.java:12)
	at com.imooc.GetDemoTest.getInfo(GetDemoTest.java:12)
	at com.imooc.GetDemoTest.getInfo(GetDemoTest.java:12)
	at com.imooc.GetDemoTest.getInfo(GetDemoTest.java:12)
	at com.imooc.GetDemoTest.getInfo(GetDemoTest.java:12)
	at com.imooc.GetDemoTest.getInfo(GetDemoTest.java:12)
	at com.imooc.GetDemoTest.getInfo(GetDemoTest.java:12)
	at com.imooc.GetDemoTest.getInfo(GetDemoTest.java:12)
	at com.imooc.GetDemoTest.getInfo(GetDemoTest.java:12)
	at com.imooc.GetDemoTest.getInfo(GetDemoTest.java:12)
	at com.imooc.GetDemoTest.getInfo(GetDemoTest.java:12)
	at com.imooc.GetDemoTest.getInfo(GetDemoTest.java:12)
	at com.imooc.GetDemoTest.getInfo(GetDemoTest.java:12)
	at com.imooc.GetDemoTest.getInfo(GetDemoTest.java:12)
	at com.imooc.GetDemoTest.getInfo(GetDemoTest.java:12)
	at com.imooc.GetDemoTest.getInfo(GetDemoTest.java:12)
	at com.imooc.GetDemoTest.getInfo(GetDemoTest.java:12)
	at com.imooc.GetDemoTest.getInfo(GetDemoTest.java:12)
	at com.imooc.GetDemoTest.getInfo(GetDemoTest.java:12)
	at com.imooc.GetDemoTest.getInfo(GetDemoTest.java:12)
	at com.imooc.GetDemoTest.getInfo(GetDemoTest.java:12)
	at com.imooc.GetDemoTest.getInfo(GetDemoTest.java:12)
	at com.imooc.GetDemoTest.getInfo(GetDemoTest.java:12)
	at com.imooc.GetDemoTest.getInfo(GetDemoTest.java:12)
	at com.imooc.GetDemoTest.getInfo(GetDemoTest.java:12)
	at com.imooc.GetDemoTest.getInfo(GetDemoTest.java:12)
	at com.imooc.GetDemoTest.getInfo(GetDemoTest.java:12)
	at com.imooc.GetDemoTest.getInfo(GetDemoTest.java:12)
	at com.imooc.GetDemoTest.getInfo(GetDemoTest.java:12)
	at com.imooc.GetDemoTest.getInfo(GetDemoTest.java:12)
	at com.imooc.GetDemoTest.getInfo(GetDemoTest.java:12)
	at com.imooc.GetDemoTest.getInfo(GetDemoTest.java:12)
	at com.imooc.GetDemoTest.getInfo(GetDemoTest.java:12)
	at com.imooc.GetDemoTest.getInfo(GetDemoTest.java:12)
	at com.imooc.GetDemoTest.getInfo(GetDemoTest.java:12)
	at com.imooc.GetDemoTest.getInfo(GetDemoTest.java:12)
	at com.imooc.GetDemoTest.getInfo(GetDemoTest.java:12)
	at com.imooc.GetDemoTest.getInfo(GetDemoTest.java:12)
	at com.imooc.GetDemoTest.getInfo(GetDemoTest.java:12)
	at com.imooc.GetDemoTest.getInfo(GetDemoTest.java:12)
	at com.imooc.GetDemoTest.getInfo(GetDemoTest.java:12)
	at com.imooc.GetDemoTest.getInfo(GetDemoTest.java:12)
	at com.imooc.GetDemoTest.getInfo(GetDemoTest.java:12)
	at com.imooc.GetDemoTest.getInfo(GetDemoTest.java:12)
	at com.imooc.GetDemoTest.getInfo(GetDemoTest.java:12)
	at com.imooc.GetDemoTest.getInfo(GetDemoTest.java:12)
	at com.imooc.GetDemoTest.getInfo(GetDemoTest.java:12)
	at com.imooc.GetDemoTest.getInfo(GetDemoTest.java:12)
	at com.imooc.GetDemoTest.getInfo(GetDemoTest.java:12)
	at com.imooc.GetDemoTest.getInfo(GetDemoTest.java:12)
	at com.imooc.GetDemoTest.getInfo(GetDemoTest.java:12)
	at com.imooc.GetDemoTest.getInfo(GetDemoTest.java:12)
	at com.imooc.GetDemoTest.getInfo(GetDemoTest.java:12)
	at com.imooc.GetDemoTest.getInfo(GetDemoTest.java:12)
	at com.imooc.GetDemoTest.getInfo(GetDemoTest.java:12)
	at com.imooc.GetDemoTest.getInfo(GetDemoTest.java:12)
	at com.imooc.GetDemoTest.getInfo(GetDemoTest.java:12)
	at com.imooc.GetDemoTest.getInfo(GetDemoTest.java:12)
	at com.imooc.GetDemoTest.getInfo(GetDemoTest.java:12)
	at com.imooc.GetDemoTest.getInfo(GetDemoTest.java:12)
	at com.imooc.GetDemoTest.getInfo(GetDemoTest.java:12)
	at com.imooc.GetDemoTest.getInfo(GetDemoTest.java:12)
	at com.imooc.GetDemoTest.getInfo(GetDemoTest.java:12)
	at com.imooc.GetDemoTest.getInfo(GetDemoTest.java:12)
	at com.imooc.GetDemoTest.getInfo(GetDemoTest.java:12)
	at com.imooc.GetDemoTest.getInfo(GetDemoTest.java:12)
	at com.imooc.GetDemoTest.getInfo(GetDemoTest.java:12)
	at com.imooc.GetDemoTest.getInfo(GetDemoTest.java:12)
	at com.imooc.GetDemoTest.getInfo(GetDemoTest.java:12)
	at com.imooc.GetDemoTest.getInfo(GetDemoTest.java:12)
	at com.imooc.GetDemoTest.getInfo(GetDemoTest.java:12)
	at com.imooc.GetDemoTest.getInfo(GetDemoTest.java:12)
	at com.imooc.GetDemoTest.getInfo(GetDemoTest.java:12)
	at com.imooc.GetDemoTest.getInfo(GetDemoTest.java:12)
	at com.imooc.GetDemoTest.getInfo(GetDemoTest.java:12)
	at com.imooc.GetDemoTest.getInfo(GetDemoTest.java:12)
	at com.imooc.GetDemoTest.getInfo(GetDemoTest.java:12)
	at com.imooc.GetDemoTest.getInfo(GetDemoTest.java:12)
	at com.imooc.GetDemoTest.getInfo(GetDemoTest.java:12)
	at com.imooc.GetDemoTest.getInfo(GetDemoTest.java:12)
	at com.imooc.GetDemoTest.getInfo(GetDemoTest.java:12)
	at com.imooc.GetDemoTest.getInfo(GetDemoTest.java:12)
	at com.imooc.GetDemoTest.getInfo(GetDemoTest.java:12)
	at com.imooc.GetDemoTest.getInfo(GetDemoTest.java:12)
	at com.imooc.GetDemoTest.getInfo(GetDemoTest.java:12)
	at com.imooc.GetDemoTest.getInfo(GetDemoTest.java:12)
	at com.imooc.GetDemoTest.getInfo(GetDemoTest.java:12)
	at com.imooc.GetDemoTest.getInfo(GetDemoTest.java:12)
	at com.imooc.GetDemoTest.getInfo(GetDemoTest.java:12)
	at com.imooc.GetDemoTest.getInfo(GetDemoTest.java:12)
	at com.imooc.GetDemoTest.getInfo(GetDemoTest.java:12)
	at com.imooc.GetDemoTest.getInfo(GetDemoTest.java:12)
	at com.imooc.GetDemoTest.getInfo(GetDemoTest.java:12)
	at com.imooc.GetDemoTest.getInfo(GetDemoTest.java:12)
	at com.imooc.GetDemoTest.getInfo(GetDemoTest.java:12)
	at com.imooc.GetDemoTest.getInfo(GetDemoTest.java:12)
	at com.imooc.GetDemoTest.getInfo(GetDemoTest.java:12)
	at com.imooc.GetDemoTest.getInfo(GetDemoTest.java:12)
	at com.imooc.GetDemoTest.getInfo(GetDemoTest.java:12)
	at com.imooc.GetDemoTest.getInfo(GetDemoTest.java:12)
	at com.imooc.GetDemoTest.getInfo(GetDemoTest.java:12)
	at com.imooc.GetDemoTest.getInfo(GetDemoTest.java:12)
	at com.imooc.GetDemoTest.getInfo(GetDemoTest.java:12)
	at com.imooc.GetDemoTest.getInfo(GetDemoTest.java:12)
	at com.imooc.GetDemoTest.getInfo(GetDemoTest.java:12)
	at com.imooc.GetDemoTest.getInfo(GetDemoTest.java:12)
	at com.imooc.GetDemoTest.getInfo(GetDemoTest.java:12)
	at com.imooc.GetDemoTest.getInfo(GetDemoTest.java:12)
	at com.imooc.GetDemoTest.getInfo(GetDemoTest.java:12)
	at com.imooc.GetDemoTest.getInfo(GetDemoTest.java:12)
	at com.imooc.GetDemoTest.getInfo(GetDemoTest.java:12)
	at com.imooc.GetDemoTest.getInfo(GetDemoTest.java:12)
	at com.imooc.GetDemoTest.getInfo(GetDemoTest.java:12)
	at com.imooc.GetDemoTest.getInfo(GetDemoTest.java:12)
	at com.imooc.GetDemoTest.getInfo(GetDemoTest.java:12)
	at com.imooc.GetDemoTest.getInfo(GetDemoTest.java:12)
	at com.imooc.GetDemoTest.getInfo(GetDemoTest.java:12)
	at com.imooc.GetDemoTest.getInfo(GetDemoTest.java:12)
	at com.imooc.GetDemoTest.getInfo(GetDemoTest.java:12)
	at com.imooc.GetDemoTest.getInfo(GetDemoTest.java:12)
	at com.imooc.GetDemoTest.getInfo(GetDemoTest.java:12)
	at com.imooc.GetDemoTest.getInfo(GetDemoTest.java:12)
	at com.imooc.GetDemoTest.getInfo(GetDemoTest.java:12)
	at com.imooc.GetDemoTest.getInfo(GetDemoTest.java:12)
	at com.imooc.GetDemoTest.getInfo(GetDemoTest.java:12)
	at com.imooc.GetDemoTest.getInfo(GetDemoTest.java:12)
	at com.imooc.GetDemoTest.getInfo(GetDemoTest.java:12)
	at com.imooc.GetDemoTest.getInfo(GetDemoTest.java:12)
	at com.imooc.GetDemoTest.getInfo(GetDemoTest.java:12)
	at com.imooc.GetDemoTest.getInfo(GetDemoTest.java:12)
	at com.imooc.GetDemoTest.getInfo(GetDemoTest.java:12)
	at com.imooc.GetDemoTest.getInfo(GetDemoTest.java:12)
	at com.imooc.GetDemoTest.getInfo(GetDemoTest.java:12)
	at com.imooc.GetDemoTest.getInfo(GetDemoTest.java:12)
	at com.imooc.GetDemoTest.getInfo(GetDemoTest.java:12)
	at com.imooc.GetDemoTest.getInfo(GetDemoTest.java:12)
	at com.imooc.GetDemoTest.getInfo(GetDemoTest.java:12)
	at com.imooc.GetDemoTest.getInfo(GetDemoTest.java:12)
	at com.imooc.GetDemoTest.getInfo(GetDemoTest.java:12)
	at com.imooc.GetDemoTest.getInfo(GetDemoTest.java:12)
	at com.imooc.GetDemoTest.getInfo(GetDemoTest.java:12)
	at com.imooc.GetDemoTest.getInfo(GetDemoTest.java:12)
	at com.imooc.GetDemoTest.getInfo(GetDemoTest.java:12)
	at com.imooc.GetDemoTest.getInfo(GetDemoTest.java:12)
	at com.imooc.GetDemoTest.getInfo(GetDemoTest.java:12)
	at com.imooc.GetDemoTest.getInfo(GetDemoTest.java:12)
	at com.imooc.GetDemoTest.getInfo(GetDemoTest.java:12)
	at com.imooc.GetDemoTest.getInfo(GetDemoTest.java:12)
	at com.imooc.GetDemoTest.getInfo(GetDemoTest.java:12)
	at com.imooc.GetDemoTest.getInfo(GetDemoTest.java:12)
	at com.imooc.GetDemoTest.getInfo(GetDemoTest.java:12)
	at com.imooc.GetDemoTest.getInfo(GetDemoTest.java:12)
	at com.imooc.GetDemoTest.getInfo(GetDemoTest.java:12)
	at com.imooc.GetDemoTest.getInfo(GetDemoTest.java:12)
	at com.imooc.GetDemoTest.getInfo(GetDemoTest.java:12)
	at com.imooc.GetDemoTest.getInfo(GetDemoTest.java:12)
	at com.imooc.GetDemoTest.getInfo(GetDemoTest.java:12)
	at com.imooc.GetDemoTest.getInfo(GetDemoTest.java:12)
	at com.imooc.GetDemoTest.getInfo(GetDemoTest.java:12)
	at com.imooc.GetDemoTest.getInfo(GetDemoTest.java:12)
	at com.imooc.GetDemoTest.getInfo(GetDemoTest.java:12)
	at com.imooc.GetDemoTest.getInfo(GetDemoTest.java:12)
	at com.imooc.GetDemoTest.getInfo(GetDemoTest.java:12)
	at com.imooc.GetDemoTest.getInfo(GetDemoTest.java:12)
	at com.imooc.GetDemoTest.getInfo(GetDemoTest.java:12)
	at com.imooc.GetDemoTest.getInfo(GetDemoTest.java:12)
	at com.imooc.GetDemoTest.getInfo(GetDemoTest.java:12)
	at com.imooc.GetDemoTest.getInfo(GetDemoTest.java:12)
	at com.imooc.GetDemoTest.getInfo(GetDemoTest.java:12)
	at com.imooc.GetDemoTest.getInfo(GetDemoTest.java:12)
	at com.imooc.GetDemoTest.getInfo(GetDemoTest.java:12)
	at com.imooc.GetDemoTest.getInfo(GetDemoTest.java:12)
	at com.imooc.GetDemoTest.getInfo(GetDemoTest.java:12)
	at com.imooc.GetDemoTest.getInfo(GetDemoTest.java:12)
	at com.imooc.GetDemoTest.getInfo(GetDemoTest.java:12)
	at com.imooc.GetDemoTest.getInfo(GetDemoTest.java:12)
	at com.imooc.GetDemoTest.getInfo(GetDemoTest.java:12)
	at com.imooc.GetDemoTest.getInfo(GetDemoTest.java:12)
	at com.imooc.GetDemoTest.getInfo(GetDemoTest.java:12)
	at com.imooc.GetDemoTest.getInfo(GetDemoTest.java:12)
	at com.imooc.GetDemoTest.getInfo(GetDemoTest.java:12)
	at com.imooc.GetDemoTest.getInfo(GetDemoTest.java:12)
	at com.imooc.GetDemoTest.getInfo(GetDemoTest.java:12)
	at com.imooc.GetDemoTest.getInfo(GetDemoTest.java:12)
	at com.imooc.GetDemoTest.getInfo(GetDemoTest.java:12)
	at com.imooc.GetDemoTest.getInfo(GetDemoTest.java:12)
	at com.imooc.GetDemoTest.getInfo(GetDemoTest.java:12)
	at com.imooc.GetDemoTest.getInfo(GetDemoTest.java:12)
	at com.imooc.GetDemoTest.getInfo(GetDemoTest.java:12)
	at com.imooc.GetDemoTest.getInfo(GetDemoTest.java:12)
	at com.imooc.GetDemoTest.getInfo(GetDemoTest.java:12)
	at com.imooc.GetDemoTest.getInfo(GetDemoTest.java:12)
	at com.imooc.GetDemoTest.getInfo(GetDemoTest.java:12)
	at com.imooc.GetDemoTest.getInfo(GetDemoTest.java:12)
	at com.imooc.GetDemoTest.getInfo(GetDemoTest.java:12)
	at com.imooc.GetDemoTest.getInfo(GetDemoTest.java:12)
	at com.imooc.GetDemoTest.getInfo(GetDemoTest.java:12)
	at com.imooc.GetDemoTest.getInfo(GetDemoTest.java:12)
	at com.imooc.GetDemoTest.getInfo(GetDemoTest.java:12)
	at com.imooc.GetDemoTest.getInfo(GetDemoTest.java:12)
	at com.imooc.GetDemoTest.getInfo(GetDemoTest.java:12)
	at com.imooc.GetDemoTest.getInfo(GetDemoTest.java:12)
	at com.imooc.GetDemoTest.getInfo(GetDemoTest.java:12)
	at com.imooc.GetDemoTest.getInfo(GetDemoTest.java:12)
	at com.imooc.GetDemoTest.getInfo(GetDemoTest.java:12)
	at com.imooc.GetDemoTest.getInfo(GetDemoTest.java:12)
	at com.imooc.GetDemoTest.getInfo(GetDemoTest.java:12)
	at com.imooc.GetDemoTest.getInfo(GetDemoTest.java:12)
	at com.imooc.GetDemoTest.getInfo(GetDemoTest.java:12)
	at com.imooc.GetDemoTest.getInfo(GetDemoTest.java:12)
	at com.imooc.GetDemoTest.getInfo(GetDemoTest.java:12)
	at com.imooc.GetDemoTest.getInfo(GetDemoTest.java:12)
	at com.imooc.GetDemoTest.getInfo(GetDemoTest.java:12)
	at com.imooc.GetDemoTest.getInfo(GetDemoTest.java:12)
	at com.imooc.GetDemoTest.getInfo(GetDemoTest.java:12)
	at com.imooc.GetDemoTest.getInfo(GetDemoTest.java:12)
	at com.imooc.GetDemoTest.getInfo(GetDemoTest.java:12)
	at com.imooc.GetDemoTest.getInfo(GetDemoTest.java:12)
	at com.imooc.GetDemoTest.getInfo(GetDemoTest.java:12)
	at com.imooc.GetDemoTest.getInfo(GetDemoTest.java:12)
	at com.imooc.GetDemoTest.getInfo(GetDemoTest.java:12)
	at com.imooc.GetDemoTest.getInfo(GetDemoTest.java:12)
	at com.imooc.GetDemoTest.getInfo(GetDemoTest.java:12)
	at com.imooc.GetDemoTest.getInfo(GetDemoTest.java:12)
	at com.imooc.GetDemoTest.getInfo(GetDemoTest.java:12)
	at com.imooc.GetDemoTest.getInfo(GetDemoTest.java:12)
	at com.imooc.GetDemoTest.getInfo(GetDemoTest.java:12)
	at com.imooc.GetDemoTest.getInfo(GetDemoTest.java:12)
	at com.imooc.GetDemoTest.getInfo(GetDemoTest.java:12)
	at com.imooc.GetDemoTest.getInfo(GetDemoTest.java:12)
	at com.imooc.GetDemoTest.getInfo(GetDemoTest.java:12)
	at com.imooc.GetDemoTest.getInfo(GetDemoTest.java:12)
	at com.imooc.GetDemoTest.getInfo(GetDemoTest.java:12)
	at com.imooc.GetDemoTest.getInfo(GetDemoTest.java:12)
	at com.imooc.GetDemoTest.getInfo(GetDemoTest.java:12)
	at com.imooc.GetDemoTest.getInfo(GetDemoTest.java:12)
	at com.imooc.GetDemoTest.getInfo(GetDemoTest.java:12)
	at com.imooc.GetDemoTest.getInfo(GetDemoTest.java:12)
	at com.imooc.GetDemoTest.getInfo(GetDemoTest.java:12)
	at com.imooc.GetDemoTest.getInfo(GetDemoTest.java:12)
	at com.imooc.GetDemoTest.getInfo(GetDemoTest.java:12)
	at com.imooc.GetDemoTest.getInfo(GetDemoTest.java:12)
	at com.imooc.GetDemoTest.getInfo(GetDemoTest.java:12)
	at com.imooc.GetDemoTest.getInfo(GetDemoTest.java:12)
	at com.imooc.GetDemoTest.getInfo(GetDemoTest.java:12)
	at com.imooc.GetDemoTest.getInfo(GetDemoTest.java:12)
	at com.imooc.GetDemoTest.getInfo(GetDemoTest.java:12)
	at com.imooc.GetDemoTest.getInfo(GetDemoTest.java:12)
	at com.imooc.GetDemoTest.getInfo(GetDemoTest.java:12)
	at com.imooc.GetDemoTest.getInfo(GetDemoTest.java:12)
	at com.imooc.GetDemoTest.getInfo(GetDemoTest.java:12)
	at com.imooc.GetDemoTest.getInfo(GetDemoTest.java:12)
	at com.imooc.GetDemoTest.getInfo(GetDemoTest.java:12)
	at com.imooc.GetDemoTest.getInfo(GetDemoTest.java:12)
	at com.imooc.GetDemoTest.getInfo(GetDemoTest.java:12)
	at com.imooc.GetDemoTest.getInfo(GetDemoTest.java:12)
	at com.imooc.GetDemoTest.getInfo(GetDemoTest.java:12)
	at com.imooc.GetDemoTest.getInfo(GetDemoTest.java:12)
	at com.imooc.GetDemoTest.getInfo(GetDemoTest.java:12)
	at com.imooc.GetDemoTest.getInfo(GetDemoTest.java:12)
	at com.imooc.GetDemoTest.getInfo(GetDemoTest.java:12)
	at com.imooc.GetDemoTest.getInfo(GetDemoTest.java:12)
	at com.imooc.GetDemoTest.getInfo(GetDemoTest.java:12)
	at com.imooc.GetDemoTest.getInfo(GetDemoTest.java:12)
	at com.imooc.GetDemoTest.getInfo(GetDemoTest.java:12)
	at com.imooc.GetDemoTest.getInfo(GetDemoTest.java:12)
	at com.imooc.GetDemoTest.getInfo(GetDemoTest.java:12)
	at com.imooc.GetDemoTest.getInfo(GetDemoTest.java:12)
	at com.imooc.GetDemoTest.getInfo(GetDemoTest.java:12)
	at com.imooc.GetDemoTest.getInfo(GetDemoTest.java:12)
	at com.imooc.GetDemoTest.getInfo(GetDemoTest.java:12)
	at com.imooc.GetDemoTest.getInfo(GetDemoTest.java:12)
	at com.imooc.GetDemoTest.getInfo(GetDemoTest.java:12)
	at com.imooc.GetDemoTest.getInfo(GetDemoTest.java:12)
	at com.imooc.GetDemoTest.getInfo(GetDemoTest.java:12)
	at com.imooc.GetDemoTest.getInfo(GetDemoTest.java:12)
	at com.imooc.GetDemoTest.getInfo(GetDemoTest.java:12)
	at com.imooc.GetDemoTest.getInfo(GetDemoTest.java:12)
	at com.imooc.GetDemoTest.getInfo(GetDemoTest.java:12)
	at com.imooc.GetDemoTest.getInfo(GetDemoTest.java:12)
	at com.imooc.GetDemoTest.getInfo(GetDemoTest.java:12)
	at com.imooc.GetDemoTest.getInfo(GetDemoTest.java:12)
	at com.imooc.GetDemoTest.getInfo(GetDemoTest.java:12)
	at com.imooc.GetDemoTest.getInfo(GetDemoTest.java:12)
	at com.imooc.GetDemoTest.getInfo(GetDemoTest.java:12)
	at com.imooc.GetDemoTest.getInfo(GetDemoTest.java:12)
	at com.imooc.GetDemoTest.getInfo(GetDemoTest.java:12)
	at com.imooc.GetDemoTest.getInfo(GetDemoTest.java:12)
	at com.imooc.GetDemoTest.getInfo(GetDemoTest.java:12)
	at com.imooc.GetDemoTest.getInfo(GetDemoTest.java:12)
	at com.imooc.GetDemoTest.getInfo(GetDemoTest.java:12)
	at com.imooc.GetDemoTest.getInfo(GetDemoTest.java:12)
	at com.imooc.GetDemoTest.getInfo(GetDemoTest.java:12)
	at com.imooc.GetDemoTest.getInfo(GetDemoTest.java:12)
	at com.imooc.GetDemoTest.getInfo(GetDemoTest.java:12)
	at com.imooc.GetDemoTest.getInfo(GetDemoTest.java:12)
	at com.imooc.GetDemoTest.getInfo(GetDemoTest.java:12)
	at com.imooc.GetDemoTest.getInfo(GetDemoTest.java:12)
	at com.imooc.GetDemoTest.getInfo(GetDemoTest.java:12)
	at com.imooc.GetDemoTest.getInfo(GetDemoTest.java:12)
	at com.imooc.GetDemoTest.getInfo(GetDemoTest.java:12)
	at com.imooc.GetDemoTest.getInfo(GetDemoTest.java:12)
	at com.imooc.GetDemoTest.getInfo(GetDemoTest.java:12)
	at com.imooc.GetDemoTest.getInfo(GetDemoTest.java:12)
	at com.imooc.GetDemoTest.getInfo(GetDemoTest.java:12)
	at com.imooc.GetDemoTest.getInfo(GetDemoTest.java:12)
	at com.imooc.GetDemoTest.getInfo(GetDemoTest.java:12)
	at com.imooc.GetDemoTest.getInfo(GetDemoTest.java:12)
	at com.imooc.GetDemoTest.getInfo(GetDemoTest.java:12)
	at com.imooc.GetDemoTest.getInfo(GetDemoTest.java:12)
	at com.imooc.GetDemoTest.getInfo(GetDemoTest.java:12)
	at com.imooc.GetDemoTest.getInfo(GetDemoTest.java:12)
	at com.imooc.GetDemoTest.getInfo(GetDemoTest.java:12)
	at com.imooc.GetDemoTest.getInfo(GetDemoTest.java:12)
	at com.imooc.GetDemoTest.getInfo(GetDemoTest.java:12)
	at com.imooc.GetDemoTest.getInfo(GetDemoTest.java:12)
	at com.imooc.GetDemoTest.getInfo(GetDemoTest.java:12)
	at com.imooc.GetDemoTest.getInfo(GetDemoTest.java:12)
	at com.imooc.GetDemoTest.getInfo(GetDemoTest.java:12)
	at com.imooc.GetDemoTest.getInfo(GetDemoTest.java:12)
	at com.imooc.GetDemoTest.getInfo(GetDemoTest.java:12)
	at com.imooc.GetDemoTest.getInfo(GetDemoTest.java:12)
	at com.imooc.GetDemoTest.getInfo(GetDemoTest.java:12)
	at com.imooc.GetDemoTest.getInfo(GetDemoTest.java:12)
	at com.imooc.GetDemoTest.getInfo(GetDemoTest.java:12)
	at com.imooc.GetDemoTest.getInfo(GetDemoTest.java:12)
	at com.imooc.GetDemoTest.getInfo(GetDemoTest.java:12)
	at com.imooc.GetDemoTest.getInfo(GetDemoTest.java:12)
	at com.imooc.GetDemoTest.getInfo(GetDemoTest.java:12)
	at com.imooc.GetDemoTest.getInfo(GetDemoTest.java:12)
	at com.imooc.GetDemoTest.getInfo(GetDemoTest.java:12)
	at com.imooc.GetDemoTest.getInfo(GetDemoTest.java:12)
	at com.imooc.GetDemoTest.getInfo(GetDemoTest.java:12)
	at com.imooc.GetDemoTest.getInfo(GetDemoTest.java:12)
	at com.imooc.GetDemoTest.getInfo(GetDemoTest.java:12)
	at com.imooc.GetDemoTest.getInfo(GetDemoTest.java:12)
	at com.imooc.GetDemoTest.getInfo(GetDemoTest.java:12)
	at com.imooc.GetDemoTest.getInfo(GetDemoTest.java:12)
	at com.imooc.GetDemoTest.getInfo(GetDemoTest.java:12)
	at com.imooc.GetDemoTest.getInfo(GetDemoTest.java:12)
	at com.imooc.GetDemoTest.getInfo(GetDemoTest.java:12)
	at com.imooc.GetDemoTest.getInfo(GetDemoTest.java:12)
	at com.imooc.GetDemoTest.getInfo(GetDemoTest.java:12)
	at com.imooc.GetDemoTest.getInfo(GetDemoTest.java:12)
	at com.imooc.GetDemoTest.getInfo(GetDemoTest.java:12)
	at com.imooc.GetDemoTest.getInfo(GetDemoTest.java:12)
	at com.imooc.GetDemoTest.getInfo(GetDemoTest.java:12)
	at com.imooc.GetDemoTest.getInfo(GetDemoTest.java:12)
	at com.imooc.GetDemoTest.getInfo(GetDemoTest.java:12)
	at com.imooc.GetDemoTest.getInfo(GetDemoTest.java:12)
	at com.imooc.GetDemoTest.getInfo(GetDemoTest.java:12)
	at com.imooc.GetDemoTest.getInfo(GetDemoTest.java:12)
	at com.imooc.GetDemoTest.getInfo(GetDemoTest.java:12)
	at com.imooc.GetDemoTest.getInfo(GetDemoTest.java:12)
	at com.imooc.GetDemoTest.getInfo(GetDemoTest.java:12)
	at com.imooc.GetDemoTest.getInfo(GetDemoTest.java:12)
	at com.imooc.GetDemoTest.getInfo(GetDemoTest.java:12)
	at com.imooc.GetDemoTest.getInfo(GetDemoTest.java:12)
	at com.imooc.GetDemoTest.getInfo(GetDemoTest.java:12)
	at com.imooc.GetDemoTest.getInfo(GetDemoTest.java:12)
	at com.imooc.GetDemoTest.getInfo(GetDemoTest.java:12)
	at com.imooc.GetDemoTest.getInfo(GetDemoTest.java:12)
	at com.imooc.GetDemoTest.getInfo(GetDemoTest.java:12)
	at com.imooc.GetDemoTest.getInfo(GetDemoTest.java:12)
	at com.imooc.GetDemoTest.getInfo(GetDemoTest.java:12)
	at com.imooc.GetDemoTest.getInfo(GetDemoTest.java:12)
	at com.imooc.GetDemoTest.getInfo(GetDemoTest.java:12)
	at com.imooc.GetDemoTest.getInfo(GetDemoTest.java:12)
	at com.imooc.GetDemoTest.getInfo(GetDemoTest.java:12)
	at com.imooc.GetDemoTest.getInfo(GetDemoTest.java:12)
	at com.imooc.GetDemoTest.getInfo(GetDemoTest.java:12)
	at com.imooc.GetDemoTest.getInfo(GetDemoTest.java:12)
	at com.imooc.GetDemoTest.getInfo(GetDemoTest.java:12)
	at com.imooc.GetDemoTest.getInfo(GetDemoTest.java:12)
	at com.imooc.GetDemoTest.getInfo(GetDemoTest.java:12)
	at com.imooc.GetDemoTest.getInfo(GetDemoTest.java:12)
	at com.imooc.GetDemoTest.getInfo(GetDemoTest.java:12)
	at com.imooc.GetDemoTest.getInfo(GetDemoTest.java:12)
	at com.imooc.GetDemoTest.getInfo(GetDemoTest.java:12)
	at com.imooc.GetDemoTest.getInfo(GetDemoTest.java:12)
	at com.imooc.GetDemoTest.getInfo(GetDemoTest.java:12)
	at com.imooc.GetDemoTest.getInfo(GetDemoTest.java:12)
	at com.imooc.GetDemoTest.getInfo(GetDemoTest.java:12)
	at com.imooc.GetDemoTest.getInfo(GetDemoTest.java:12)
	at com.imooc.GetDemoTest.getInfo(GetDemoTest.java:12)
	at com.imooc.GetDemoTest.getInfo(GetDemoTest.java:12)
	at com.imooc.GetDemoTest.getInfo(GetDemoTest.java:12)
	at com.imooc.GetDemoTest.getInfo(GetDemoTest.java:12)
	at com.imooc.GetDemoTest.getInfo(GetDemoTest.java:12)
	at com.imooc.GetDemoTest.getInfo(GetDemoTest.java:12)
	at com.imooc.GetDemoTest.getInfo(GetDemoTest.java:12)
	at com.imooc.GetDemoTest.getInfo(GetDemoTest.java:12)
	at com.imooc.GetDemoTest.getInfo(GetDemoTest.java:12)
	at com.imooc.GetDemoTest.getInfo(GetDemoTest.java:12)
	at com.imooc.GetDemoTest.getInfo(GetDemoTest.java:12)
	at com.imooc.GetDemoTest.getInfo(GetDemoTest.java:12)
	at com.imooc.GetDemoTest.getInfo(GetDemoTest.java:12)
	at com.imooc.GetDemoTest.getInfo(GetDemoTest.java:12)
	at com.imooc.GetDemoTest.getInfo(GetDemoTest.java:12)
	at com.imooc.GetDemoTest.getInfo(GetDemoTest.java:12)
	at com.imooc.GetDemoTest.getInfo(GetDemoTest.java:12)
	at com.imooc.GetDemoTest.getInfo(GetDemoTest.java:12)
	at com.imooc.GetDemoTest.getInfo(GetDemoTest.java:12)
	at com.imooc.GetDemoTest.getInfo(GetDemoTest.java:12)
	at com.imooc.GetDemoTest.getInfo(GetDemoTest.java:12)
	at com.imooc.GetDemoTest.getInfo(GetDemoTest.java:12)
	at com.imooc.GetDemoTest.getInfo(GetDemoTest.java:12)
	at com.imooc.GetDemoTest.getInfo(GetDemoTest.java:12)
	at com.imooc.GetDemoTest.getInfo(GetDemoTest.java:12)
	at com.imooc.GetDemoTest.getInfo(GetDemoTest.java:12)
	at com.imooc.GetDemoTest.getInfo(GetDemoTest.java:12)
	at com.imooc.GetDemoTest.getInfo(GetDemoTest.java:12)
	at com.imooc.GetDemoTest.getInfo(GetDemoTest.java:12)
	at com.imooc.GetDemoTest.getInfo(GetDemoTest.java:12)
	at com.imooc.GetDemoTest.getInfo(GetDemoTest.java:12)
	at com.imooc.GetDemoTest.getInfo(GetDemoTest.java:12)
	at com.imooc.GetDemoTest.getInfo(GetDemoTest.java:12)
	at com.imooc.GetDemoTest.getInfo(GetDemoTest.java:12)
	at com.imooc.GetDemoTest.getInfo(GetDemoTest.java:12)
	at com.imooc.GetDemoTest.getInfo(GetDemoTest.java:12)
	at com.imooc.GetDemoTest.getInfo(GetDemoTest.java:12)
	at com.imooc.GetDemoTest.getInfo(GetDemoTest.java:12)
	at com.imooc.GetDemoTest.getInfo(GetDemoTest.java:12)
	at com.imooc.GetDemoTest.getInfo(GetDemoTest.java:12)
	at com.imooc.GetDemoTest.getInfo(GetDemoTest.java:12)
	at com.imooc.GetDemoTest.getInfo(GetDemoTest.java:12)
	at com.imooc.GetDemoTest.getInfo(GetDemoTest.java:12)
	at com.imooc.GetDemoTest.getInfo(GetDemoTest.java:12)
	at com.imooc.GetDemoTest.getInfo(GetDemoTest.java:12)
	at com.imooc.GetDemoTest.getInfo(GetDemoTest.java:12)
	at com.imooc.GetDemoTest.getInfo(GetDemoTest.java:12)
	at com.imooc.GetDemoTest.getInfo(GetDemoTest.java:12)
	at com.imooc.GetDemoTest.getInfo(GetDemoTest.java:12)
	at com.imooc.GetDemoTest.getInfo(GetDemoTest.java:12)
	at com.imooc.GetDemoTest.getInfo(GetDemoTest.java:12)
	at com.imooc.GetDemoTest.getInfo(GetDemoTest.java:12)
	at com.imooc.GetDemoTest.getInfo(GetDemoTest.java:12)
	at com.imooc.GetDemoTest.getInfo(GetDemoTest.java:12)
	at com.imooc.GetDemoTest.getInfo(GetDemoTest.java:12)
	at com.imooc.GetDemoTest.getInfo(GetDemoTest.java:12)
	at com.imooc.GetDemoTest.getInfo(GetDemoTest.java:12)
	at com.imooc.GetDemoTest.getInfo(GetDemoTest.java:12)
	at com.imooc.GetDemoTest.getInfo(GetDemoTest.java:12)
	at com.imooc.GetDemoTest.getInfo(GetDemoTest.java:12)
	at com.imooc.GetDemoTest.getInfo(GetDemoTest.java:12)
	at com.imooc.GetDemoTest.getInfo(GetDemoTest.java:12)
	at com.imooc.GetDemoTest.getInfo(GetDemoTest.java:12)
	at com.imooc.GetDemoTest.getInfo(GetDemoTest.java:12)
	at com.imooc.GetDemoTest.getInfo(GetDemoTest.java:12)
	at com.imooc.GetDemoTest.getInfo(GetDemoTest.java:12)
	at com.imooc.GetDemoTest.getInfo(GetDemoTest.java:12)
	at com.imooc.GetDemoTest.getInfo(GetDemoTest.java:12)
	at com.imooc.GetDemoTest.getInfo(GetDemoTest.java:12)
	at com.imooc.GetDemoTest.getInfo(GetDemoTest.java:12)
	at com.imooc.GetDemoTest.getInfo(GetDemoTest.java:12)
	at com.imooc.GetDemoTest.getInfo(GetDemoTest.java:12)
	at com.imooc.GetDemoTest.getInfo(GetDemoTest.java:12)
	at com.imooc.GetDemoTest.getInfo(GetDemoTest.java:12)
	at com.imooc.GetDemoTest.getInfo(GetDemoTest.java:12)
	at com.imooc.GetDemoTest.getInfo(GetDemoTest.java:12)
	at com.imooc.GetDemoTest.getInfo(GetDemoTest.java:12)
	at com.imooc.GetDemoTest.getInfo(GetDemoTest.java:12)
	at com.imooc.GetDemoTest.getInfo(GetDemoTest.java:12)
	at com.imooc.GetDemoTest.getInfo(GetDemoTest.java:12)
	at com.imooc.GetDemoTest.getInfo(GetDemoTest.java:12)
	at com.imooc.GetDemoTest.getInfo(GetDemoTest.java:12)
	at com.imooc.GetDemoTest.getInfo(GetDemoTest.java:12)
	at com.imooc.GetDemoTest.getInfo(GetDemoTest.java:12)
	at com.imooc.GetDemoTest.getInfo(GetDemoTest.java:12)
	at com.imooc.GetDemoTest.getInfo(GetDemoTest.java:12)
	at com.imooc.GetDemoTest.getInfo(GetDemoTest.java:12)
	at com.imooc.GetDemoTest.getInfo(GetDemoTest.java:12)
	at com.imooc.GetDemoTest.getInfo(GetDemoTest.java:12)
	at com.imooc.GetDemoTest.getInfo(GetDemoTest.java:12)
	at com.imooc.GetDemoTest.getInfo(GetDemoTest.java:12)
	at com.imooc.GetDemoTest.getInfo(GetDemoTest.java:12)
	at com.imooc.GetDemoTest.getInfo(GetDemoTest.java:12)
	at com.imooc.GetDemoTest.getInfo(GetDemoTest.java:12)
	at com.imooc.GetDemoTest.getInfo(GetDemoTest.java:12)
	at com.imooc.GetDemoTest.getInfo(GetDemoTest.java:12)
	at com.imooc.GetDemoTest.getInfo(GetDemoTest.java:12)
	at com.imooc.GetDemoTest.getInfo(GetDemoTest.java:12)
	at com.imooc.GetDemoTest.getInfo(GetDemoTest.java:12)
	at com.imooc.GetDemoTest.getInfo(GetDemoTest.java:12)
	at com.imooc.GetDemoTest.getInfo(GetDemoTest.java:12)
	at com.imooc.GetDemoTest.getInfo(GetDemoTest.java:12)
	at com.imooc.GetDemoTest.getInfo(GetDemoTest.java:12)
	at com.imooc.GetDemoTest.getInfo(GetDemoTest.java:12)
	at com.imooc.GetDemoTest.getInfo(GetDemoTest.java:12)
	at com.imooc.GetDemoTest.getInfo(GetDemoTest.java:12)
	at com.imooc.GetDemoTest.getInfo(GetDemoTest.java:12)
	at com.imooc.GetDemoTest.getInfo(GetDemoTest.java:12)
	at com.imooc.GetDemoTest.getInfo(GetDemoTest.java:12)
	at com.imooc.GetDemoTest.getInfo(GetDemoTest.java:12)
	at com.imooc.GetDemoTest.getInfo(GetDemoTest.java:12)
	at com.imooc.GetDemoTest.getInfo(GetDemoTest.java:12)
	at com.imooc.GetDemoTest.getInfo(GetDemoTest.java:12)
	at com.imooc.GetDemoTest.getInfo(GetDemoTest.java:12)
	at com.imooc.GetDemoTest.getInfo(GetDemoTest.java:12)
	at com.imooc.GetDemoTest.getInfo(GetDemoTest.java:12)
	at com.imooc.GetDemoTest.getInfo(GetDemoTest.java:12)
	at com.imooc.GetDemoTest.getInfo(GetDemoTest.java:12)
	at com.imooc.GetDemoTest.getInfo(GetDemoTest.java:12)
	at com.imooc.GetDemoTest.getInfo(GetDemoTest.java:12)
	at com.imooc.GetDemoTest.getInfo(GetDemoTest.java:12)
	at com.imooc.GetDemoTest.getInfo(GetDemoTest.java:12)
	at com.imooc.GetDemoTest.getInfo(GetDemoTest.java:12)
	at com.imooc.GetDemoTest.getInfo(GetDemoTest.java:12)
	at com.imooc.GetDemoTest.getInfo(GetDemoTest.java:12)
	at com.imooc.GetDemoTest.getInfo(GetDemoTest.java:12)
	at com.imooc.GetDemoTest.getInfo(GetDemoTest.java:12)
	at com.imooc.GetDemoTest.getInfo(GetDemoTest.java:12)
	at com.imooc.GetDemoTest.getInfo(GetDemoTest.java:12)
	at com.imooc.GetDemoTest.getInfo(GetDemoTest.java:12)
	at com.imooc.GetDemoTest.getInfo(GetDemoTest.java:12)
	at com.imooc.GetDemoTest.getInfo(GetDemoTest.java:12)
	at com.imooc.GetDemoTest.getInfo(GetDemoTest.java:12)
	at com.imooc.GetDemoTest.getInfo(GetDemoTest.java:12)
	at com.imooc.GetDemoTest.getInfo(GetDemoTest.java:12)
	at com.imooc.GetDemoTest.getInfo(GetDemoTest.java:12)
	at com.imooc.GetDemoTest.getInfo(GetDemoTest.java:12)
	at com.imooc.GetDemoTest.getInfo(GetDemoTest.java:12)
	at com.imooc.GetDemoTest.getInfo(GetDemoTest.java:12)
	at com.imooc.GetDemoTest.getInfo(GetDemoTest.java:12)
	at com.imooc.GetDemoTest.getInfo(GetDemoTest.java:12)
	at com.imooc.GetDemoTest.getInfo(GetDemoTest.java:12)
	at com.imooc.GetDemoTest.getInfo(GetDemoTest.java:12)
	at com.imooc.GetDemoTest.getInfo(GetDemoTest.java:12)
	at com.imooc.GetDemoTest.getInfo(GetDemoTest.java:12)
	at com.imooc.GetDemoTest.getInfo(GetDemoTest.java:12)
	at com.imooc.GetDemoTest.getInfo(GetDemoTest.java:12)
	at com.imooc.GetDemoTest.getInfo(GetDemoTest.java:12)
	at com.imooc.GetDemoTest.getInfo(GetDemoTest.java:12)
	at com.imooc.GetDemoTest.getInfo(GetDemoTest.java:12)
	at com.imooc.GetDemoTest.getInfo(GetDemoTest.java:12)
	at com.imooc.GetDemoTest.getInfo(GetDemoTest.java:12)
	at com.imooc.GetDemoTest.getInfo(GetDemoTest.java:12)
	at com.imooc.GetDemoTest.getInfo(GetDemoTest.java:12)
	at com.imooc.GetDemoTest.getInfo(GetDemoTest.java:12)
	at com.imooc.GetDemoTest.getInfo(GetDemoTest.java:12)
	at com.imooc.GetDemoTest.getInfo(GetDemoTest.java:12)
	at com.imooc.GetDemoTest.getInfo(GetDemoTest.java:12)
	at com.imooc.GetDemoTest.getInfo(GetDemoTest.java:12)
	at com.imooc.GetDemoTest.getInfo(GetDemoTest.java:12)
	at com.imooc.GetDemoTest.getInfo(GetDemoTest.java:12)
	at com.imooc.GetDemoTest.getInfo(GetDemoTest.java:12)
	at com.imooc.GetDemoTest.getInfo(GetDemoTest.java:12)
	at com.imooc.GetDemoTest.getInfo(GetDemoTest.java:12)
	at com.imooc.GetDemoTest.getInfo(GetDemoTest.java:12)
	at com.imooc.GetDemoTest.getInfo(GetDemoTest.java:12)
	at com.imooc.GetDemoTest.getInfo(GetDemoTest.java:12)
	at com.imooc.GetDemoTest.getInfo(GetDemoTest.java:12)
	at com.imooc.GetDemoTest.getInfo(GetDemoTest.java:12)
	at com.imooc.GetDemoTest.getInfo(GetDemoTest.java:12)
	at com.imooc.GetDemoTest.getInfo(GetDemoTest.java:12)
	at com.imooc.GetDemoTest.getInfo(GetDemoTest.java:12)
	at com.imooc.GetDemoTest.getInfo(GetDemoTest.java:12)
	at com.imooc.GetDemoTest.getInfo(GetDemoTest.java:12)
	at com.imooc.GetDemoTest.getInfo(GetDemoTest.java:12)
	at com.imooc.GetDemoTest.getInfo(GetDemoTest.java:12)
	at com.imooc.GetDemoTest.getInfo(GetDemoTest.java:12)
	at com.imooc.GetDemoTest.getInfo(GetDemoTest.java:12)
	at com.imooc.GetDemoTest.getInfo(GetDemoTest.java:12)
	at com.imooc.GetDemoTest.getInfo(GetDemoTest.java:12)
	at com.imooc.GetDemoTest.getInfo(GetDemoTest.java:12)

