<?xml version="1.0" encoding="UTF-8" ?>
<testsuite tests="1" failures="0" name="com.imooc.GetDemoTest" time="0.017" errors="1" skipped="0">
  <properties>
[...]
</properties>
  <testcase classname="com.imooc.GetDemoTest" name="getInfo" time="0.017">
    <error type="java.lang.StackOverflowError">java.lang.StackOverflowError
	at com.imooc.GetDemoTest.getInfo(GetDemoTest.java:12)
	at com.imooc.GetDemoTest.getInfo(GetDemoTest.java:12)
	at com.imooc.GetDemoTest.getInfo(GetDemoTest.java:12)
	at com.imooc.GetDemoTest.getInfo(GetDemoTest.java:12)
	at com.imooc.GetDemoTest.getInfo(GetDemoTest.java:12)
	at com.imooc.GetDemoTest.getInfo(GetDemoTest.java:12)
	at com.imooc.GetDemoTest.getInfo(GetDemoTest.java:12)
	at com.imooc.GetDemoTest.getInfo(GetDemoTest.java:12)
	at com.imooc.GetDemoTest.getInfo(GetDemoTest.java:12)
	at com.imooc.GetDemoTest.getInfo(GetDemoTest.java:12)
	at com.imooc.GetDemoTest.getInfo(GetDemoTest.java:12)
	at com.imooc.GetDemoTest.getInfo(GetDemoTest.java:12)
	at com.imooc.GetDemoTest.getInfo(GetDemoTest.java:12)
	at com.imooc.GetDemoTest.getInfo(GetDemoTest.java:12)
	at com.imooc.GetDemoTest.getInfo(GetDemoTest.java:12)
	at com.imooc.GetDemoTest.getInfo(GetDemoTest.java:12)
	at com.imooc.GetDemoTest.getInfo(GetDemoTest.java:12)
	at com.imooc.GetDemoTest.getInfo(GetDemoTest.java:12)
	at com.imooc.GetDemoTest.getInfo(GetDemoTest.java:12)
	at com.imooc.GetDemoTest.getInfo(GetDemoTest.java:12)
	at com.imooc.GetDemoTest.getInfo(GetDemoTest.java:12)
	at com.imooc.GetDemoTest.getInfo(GetDemoTest.java:12)
	at com.imooc.GetDemoTest.getInfo(GetDemoTest.java:12)
	at com.imooc.GetDemoTest.getInfo(GetDemoTest.java:12)
	at com.imooc.GetDemoTest.getInfo(GetDemoTest.java:12)
	at com.imooc.GetDemoTest.getInfo(GetDemoTest.java:12)
	at com.imooc.GetDemoTest.getInfo(GetDemoTest.java:12)
	at com.imooc.GetDemoTest.getInfo(GetDemoTest.java:12)
	at com.imooc.GetDemoTest.getInfo(GetDemoTest.java:12)
	at com.imooc.GetDemoTest.getInfo(GetDemoTest.java:12)
	at com.imooc.GetDemoTest.getInfo(GetDemoTest.java:12)
	at com.imooc.GetDemoTest.getInfo(GetDemoTest.java:12)
	at com.imooc.GetDemoTest.getInfo(GetDemoTest.java:12)
	at com.imooc.GetDemoTest.getInfo(GetDemoTest.java:12)
	at com.imooc.GetDemoTest.getInfo(GetDemoTest.java:12)
	at com.imooc.GetDemoTest.getInfo(GetDemoTest.java:12)
	at com.imooc.GetDemoTest.getInfo(GetDemoTest.java:12)
	at com.imooc.GetDemoTest.getInfo(GetDemoTest.java:12)
	at com.imooc.GetDemoTest.getInfo(GetDemoTest.java:12)
	at com.imooc.GetDemoTest.getInfo(GetDemoTest.java:12)
	at com.imooc.GetDemoTest.getInfo(GetDemoTest.java:12)
	at com.imooc.GetDemoTest.getInfo(GetDemoTest.java:12)
	at com.imooc.GetDemoTest.getInfo(GetDemoTest.java:12)
	at com.imooc.GetDemoTest.getInfo(GetDemoTest.java:12)
	at com.imooc.GetDemoTest.getInfo(GetDemoTest.java:12)
	at com.imooc.GetDemoTest.getInfo(GetDemoTest.java:12)
	at com.imooc.GetDemoTest.getInfo(GetDemoTest.java:12)
	at com.imooc.GetDemoTest.getInfo(GetDemoTest.java:12)
	at com.imooc.GetDemoTest.getInfo(GetDemoTest.java:12)
	at com.imooc.GetDemoTest.getInfo(GetDemoTest.java:12)
	at com.imooc.GetDemoTest.getInfo(GetDemoTest.java:12)
	at com.imooc.GetDemoTest.getInfo(GetDemoTest.java:12)
	at com.imooc.GetDemoTest.getInfo(GetDemoTest.java:12)
	at com.imooc.GetDemoTest.getInfo(GetDemoTest.java:12)
	at com.imooc.GetDemoTest.getInfo(GetDemoTest.java:12)
	at com.imooc.GetDemoTest.getInfo(GetDemoTest.java:12)
	at com.imooc.GetDemoTest.getInfo(GetDemoTest.java:12)
	at com.imooc.GetDemoTest.getInfo(GetDemoTest.java:12)
	at com.imooc.GetDemoTest.getInfo(GetDemoTest.java:12)
	at com.imooc.GetDemoTest.getInfo(GetDemoTest.java:12)
	at com.imooc.GetDemoTest.getInfo(GetDemoTest.java:12)
	at com.imooc.GetDemoTest.getInfo(GetDemoTest.java:12)
	at com.imooc.GetDemoTest.getInfo(GetDemoTest.java:12)
	at com.imooc.GetDemoTest.getInfo(GetDemoTest.java:12)
	at com.imooc.GetDemoTest.getInfo(GetDemoTest.java:12)
	at com.imooc.GetDemoTest.getInfo(GetDemoTest.java:12)
	at com.imooc.GetDemoTest.getInfo(GetDemoTest.java:12)
	at com.imooc.GetDemoTest.getInfo(GetDemoTest.java:12)
	at com.imooc.GetDemoTest.getInfo(GetDemoTest.java:12)
	at com.imooc.GetDemoTest.getInfo(GetDemoTest.java:12)
	at com.imooc.GetDemoTest.getInfo(GetDemoTest.java:12)
	at com.imooc.GetDemoTest.getInfo(GetDemoTest.java:12)
	at com.imooc.GetDemoTest.getInfo(GetDemoTest.java:12)
	at com.imooc.GetDemoTest.getInfo(GetDemoTest.java:12)
	at com.imooc.GetDemoTest.getInfo(GetDemoTest.java:12)
	at com.imooc.GetDemoTest.getInfo(GetDemoTest.java:12)
	at com.imooc.GetDemoTest.getInfo(GetDemoTest.java:12)
	at com.imooc.GetDemoTest.getInfo(GetDemoTest.java:12)
	at com.imooc.GetDemoTest.getInfo(GetDemoTest.java:12)
	at com.imooc.GetDemoTest.getInfo(GetDemoTest.java:12)
	at com.imooc.GetDemoTest.getInfo(GetDemoTest.java:12)
	at com.imooc.GetDemoTest.getInfo(GetDemoTest.java:12)
	at com.imooc.GetDemoTest.getInfo(GetDemoTest.java:12)
	at com.imooc.GetDemoTest.getInfo(GetDemoTest.java:12)
	at com.imooc.GetDemoTest.getInfo(GetDemoTest.java:12)
	at com.imooc.GetDemoTest.getInfo(GetDemoTest.java:12)
	at com.imooc.GetDemoTest.getInfo(GetDemoTest.java:12)
	at com.imooc.GetDemoTest.getInfo(GetDemoTest.java:12)
	at com.imooc.GetDemoTest.getInfo(GetDemoTest.java:12)
	at com.imooc.GetDemoTest.getInfo(GetDemoTest.java:12)
	at com.imooc.GetDemoTest.getInfo(GetDemoTest.java:12)
	at com.imooc.GetDemoTest.getInfo(GetDemoTest.java:12)
	at com.imooc.GetDemoTest.getInfo(GetDemoTest.java:12)
	at com.imooc.GetDemoTest.getInfo(GetDemoTest.java:12)
	at com.imooc.GetDemoTest.getInfo(GetDemoTest.java:12)
	at com.imooc.GetDemoTest.getInfo(GetDemoTest.java:12)
	at com.imooc.GetDemoTest.getInfo(GetDemoTest.java:12)
	at com.imooc.GetDemoTest.getInfo(GetDemoTest.java:12)
	at com.imooc.GetDemoTest.getInfo(GetDemoTest.java:12)
	at com.imooc.GetDemoTest.getInfo(GetDemoTest.java:12)
	at com.imooc.GetDemoTest.getInfo(GetDemoTest.java:12)
	at com.imooc.GetDemoTest.getInfo(GetDemoTest.java:12)
	at com.imooc.GetDemoTest.getInfo(GetDemoTest.java:12)
	at com.imooc.GetDemoTest.getInfo(GetDemoTest.java:12)
	at com.imooc.GetDemoTest.getInfo(GetDemoTest.java:12)
	at com.imooc.GetDemoTest.getInfo(GetDemoTest.java:12)
	at com.imooc.GetDemoTest.getInfo(GetDemoTest.java:12)
	at com.imooc.GetDemoTest.getInfo(GetDemoTest.java:12)
	at com.imooc.GetDemoTest.getInfo(GetDemoTest.java:12)
	at com.imooc.GetDemoTest.getInfo(GetDemoTest.java:12)
	at com.imooc.GetDemoTest.getInfo(GetDemoTest.java:12)
	at com.imooc.GetDemoTest.getInfo(GetDemoTest.java:12)
	at com.imooc.GetDemoTest.getInfo(GetDemoTest.java:12)
	at com.imooc.GetDemoTest.getInfo(GetDemoTest.java:12)
	at com.imooc.GetDemoTest.getInfo(GetDemoTest.java:12)
	at com.imooc.GetDemoTest.getInfo(GetDemoTest.java:12)
	at com.imooc.GetDemoTest.getInfo(GetDemoTest.java:12)
	at com.imooc.GetDemoTest.getInfo(GetDemoTest.java:12)
	at com.imooc.GetDemoTest.getInfo(GetDemoTest.java:12)
	at com.imooc.GetDemoTest.getInfo(GetDemoTest.java:12)
	at com.imooc.GetDemoTest.getInfo(GetDemoTest.java:12)
	at com.imooc.GetDemoTest.getInfo(GetDemoTest.java:12)
	at com.imooc.GetDemoTest.getInfo(GetDemoTest.java:12)
	at com.imooc.GetDemoTest.getInfo(GetDemoTest.java:12)
	at com.imooc.GetDemoTest.getInfo(GetDemoTest.java:12)
	at com.imooc.GetDemoTest.getInfo(GetDemoTest.java:12)
	at com.imooc.GetDemoTest.getInfo(GetDemoTest.java:12)
	at com.imooc.GetDemoTest.getInfo(GetDemoTest.java:12)
	at com.imooc.GetDemoTest.getInfo(GetDemoTest.java:12)
	at com.imooc.GetDemoTest.getInfo(GetDemoTest.java:12)
	at com.imooc.GetDemoTest.getInfo(GetDemoTest.java:12)
	at com.imooc.GetDemoTest.getInfo(GetDemoTest.java:12)
	at com.imooc.GetDemoTest.getInfo(GetDemoTest.java:12)
	at com.imooc.GetDemoTest.getInfo(GetDemoTest.java:12)
	at com.imooc.GetDemoTest.getInfo(GetDemoTest.java:12)
	at com.imooc.GetDemoTest.getInfo(GetDemoTest.java:12)
	at com.imooc.GetDemoTest.getInfo(GetDemoTest.java:12)
	at com.imooc.GetDemoTest.getInfo(GetDemoTest.java:12)
	at com.imooc.GetDemoTest.getInfo(GetDemoTest.java:12)
	at com.imooc.GetDemoTest.getInfo(GetDemoTest.java:12)
	at com.imooc.GetDemoTest.getInfo(GetDemoTest.java:12)
	at com.imooc.GetDemoTest.getInfo(GetDemoTest.java:12)
	at com.imooc.GetDemoTest.getInfo(GetDemoTest.java:12)
	at com.imooc.GetDemoTest.getInfo(GetDemoTest.java:12)
	at com.imooc.GetDemoTest.getInfo(GetDemoTest.java:12)
	at com.imooc.GetDemoTest.getInfo(GetDemoTest.java:12)
	at com.imooc.GetDemoTest.getInfo(GetDemoTest.java:12)
	at com.imooc.GetDemoTest.getInfo(GetDemoTest.java:12)
	at com.imooc.GetDemoTest.getInfo(GetDemoTest.java:12)
	at com.imooc.GetDemoTest.getInfo(GetDemoTest.java:12)
	at com.imooc.GetDemoTest.getInfo(GetDemoTest.java:12)
	at com.imooc.GetDemoTest.getInfo(GetDemoTest.java:12)
	at com.imooc.GetDemoTest.getInfo(GetDemoTest.java:12)
	at com.imooc.GetDemoTest.getInfo(GetDemoTest.java:12)
	at com.imooc.GetDemoTest.getInfo(GetDemoTest.java:12)
	at com.imooc.GetDemoTest.getInfo(GetDemoTest.java:12)
	at com.imooc.GetDemoTest.getInfo(GetDemoTest.java:12)
	at com.imooc.GetDemoTest.getInfo(GetDemoTest.java:12)
	at com.imooc.GetDemoTest.getInfo(GetDemoTest.java:12)
	at com.imooc.GetDemoTest.getInfo(GetDemoTest.java:12)
	at com.imooc.GetDemoTest.getInfo(GetDemoTest.java:12)
	at com.imooc.GetDemoTest.getInfo(GetDemoTest.java:12)
	at com.imooc.GetDemoTest.getInfo(GetDemoTest.java:12)
	at com.imooc.GetDemoTest.getInfo(GetDemoTest.java:12)
	at com.imooc.GetDemoTest.getInfo(GetDemoTest.java:12)
	at com.imooc.GetDemoTest.getInfo(GetDemoTest.java:12)
	at com.imooc.GetDemoTest.getInfo(GetDemoTest.java:12)
	at com.imooc.GetDemoTest.getInfo(GetDemoTest.java:12)
	at com.imooc.GetDemoTest.getInfo(GetDemoTest.java:12)
	at com.imooc.GetDemoTest.getInfo(GetDemoTest.java:12)
	at com.imooc.GetDemoTest.getInfo(GetDemoTest.java:12)
	at com.imooc.GetDemoTest.getInfo(GetDemoTest.java:12)
	at com.imooc.GetDemoTest.getInfo(GetDemoTest.java:12)
	at com.imooc.GetDemoTest.getInfo(GetDemoTest.java:12)
	at com.imooc.GetDemoTest.getInfo(GetDemoTest.java:12)
	at com.imooc.GetDemoTest.getInfo(GetDemoTest.java:12)
	at com.imooc.GetDemoTest.getInfo(GetDemoTest.java:12)
	at com.imooc.GetDemoTest.getInfo(GetDemoTest.java:12)
	at com.imooc.GetDemoTest.getInfo(GetDemoTest.java:12)
	at com.imooc.GetDemoTest.getInfo(GetDemoTest.java:12)
	at com.imooc.GetDemoTest.getInfo(GetDemoTest.java:12)
	at com.imooc.GetDemoTest.getInfo(GetDemoTest.java:12)
	at com.imooc.GetDemoTest.getInfo(GetDemoTest.java:12)
	at com.imooc.GetDemoTest.getInfo(GetDemoTest.java:12)
	at com.imooc.GetDemoTest.getInfo(GetDemoTest.java:12)
	at com.imooc.GetDemoTest.getInfo(GetDemoTest.java:12)
	at com.imooc.GetDemoTest.getInfo(GetDemoTest.java:12)
	at com.imooc.GetDemoTest.getInfo(GetDemoTest.java:12)
	at com.imooc.GetDemoTest.getInfo(GetDemoTest.java:12)
	at com.imooc.GetDemoTest.getInfo(GetDemoTest.java:12)
	at com.imooc.GetDemoTest.getInfo(GetDemoTest.java:12)
	at com.imooc.GetDemoTest.getInfo(GetDemoTest.java:12)
	at com.imooc.GetDemoTest.getInfo(GetDemoTest.java:12)
	at com.imooc.GetDemoTest.getInfo(GetDemoTest.java:12)
	at com.imooc.GetDemoTest.getInfo(GetDemoTest.java:12)
	at com.imooc.GetDemoTest.getInfo(GetDemoTest.java:12)
	at com.imooc.GetDemoTest.getInfo(GetDemoTest.java:12)
	at com.imooc.GetDemoTest.getInfo(GetDemoTest.java:12)
	at com.imooc.GetDemoTest.getInfo(GetDemoTest.java:12)
	at com.imooc.GetDemoTest.getInfo(GetDemoTest.java:12)
	at com.imooc.GetDemoTest.getInfo(GetDemoTest.java:12)
	at com.imooc.GetDemoTest.getInfo(GetDemoTest.java:12)
	at com.imooc.GetDemoTest.getInfo(GetDemoTest.java:12)
	at com.imooc.GetDemoTest.getInfo(GetDemoTest.java:12)
	at com.imooc.GetDemoTest.getInfo(GetDemoTest.java:12)
	at com.imooc.GetDemoTest.getInfo(GetDemoTest.java:12)
	at com.imooc.GetDemoTest.getInfo(GetDemoTest.java:12)
	at com.imooc.GetDemoTest.getInfo(GetDemoTest.java:12)
	at com.imooc.GetDemoTest.getInfo(GetDemoTest.java:12)
	at com.imooc.GetDemoTest.getInfo(GetDemoTest.java:12)
	at com.imooc.GetDemoTest.getInfo(GetDemoTest.java:12)
	at com.imooc.GetDemoTest.getInfo(GetDemoTest.java:12)
	at com.imooc.GetDemoTest.getInfo(GetDemoTest.java:12)
	at com.imooc.GetDemoTest.getInfo(GetDemoTest.java:12)
	at com.imooc.GetDemoTest.getInfo(GetDemoTest.java:12)
	at com.imooc.GetDemoTest.getInfo(GetDemoTest.java:12)
	at com.imooc.GetDemoTest.getInfo(GetDemoTest.java:12)
	at com.imooc.GetDemoTest.getInfo(GetDemoTest.java:12)
	at com.imooc.GetDemoTest.getInfo(GetDemoTest.java:12)
	at com.imooc.GetDemoTest.getInfo(GetDemoTest.java:12)
	at com.imooc.GetDemoTest.getInfo(GetDemoTest.java:12)
	at com.imooc.GetDemoTest.getInfo(GetDemoTest.java:12)
	at com.imooc.GetDemoTest.getInfo(GetDemoTest.java:12)
	at com.imooc.GetDemoTest.getInfo(GetDemoTest.java:12)
	at com.imooc.GetDemoTest.getInfo(GetDemoTest.java:12)
	at com.imooc.GetDemoTest.getInfo(GetDemoTest.java:12)
	at com.imooc.GetDemoTest.getInfo(GetDemoTest.java:12)
	at com.imooc.GetDemoTest.getInfo(GetDemoTest.java:12)
	at com.imooc.GetDemoTest.getInfo(GetDemoTest.java:12)
	at com.imooc.GetDemoTest.getInfo(GetDemoTest.java:12)
	at com.imooc.GetDemoTest.getInfo(GetDemoTest.java:12)
	at com.imooc.GetDemoTest.getInfo(GetDemoTest.java:12)
	at com.imooc.GetDemoTest.getInfo(GetDemoTest.java:12)
	at com.imooc.GetDemoTest.getInfo(GetDemoTest.java:12)
	at com.imooc.GetDemoTest.getInfo(GetDemoTest.java:12)
	at com.imooc.GetDemoTest.getInfo(GetDemoTest.java:12)
	at com.imooc.GetDemoTest.getInfo(GetDemoTest.java:12)
	at com.imooc.GetDemoTest.getInfo(GetDemoTest.java:12)
	at com.imooc.GetDemoTest.getInfo(GetDemoTest.java:12)
	at com.imooc.GetDemoTest.getInfo(GetDemoTest.java:12)
	at com.imooc.GetDemoTest.getInfo(GetDemoTest.java:12)
	at com.imooc.GetDemoTest.getInfo(GetDemoTest.java:12)
	at com.imooc.GetDemoTest.getInfo(GetDemoTest.java:12)
	at com.imooc.GetDemoTest.getInfo(GetDemoTest.java:12)
	at com.imooc.GetDemoTest.getInfo(GetDemoTest.java:12)
	at com.imooc.GetDemoTest.getInfo(GetDemoTest.java:12)
	at com.imooc.GetDemoTest.getInfo(GetDemoTest.java:12)
	at com.imooc.GetDemoTest.getInfo(GetDemoTest.java:12)
	at com.imooc.GetDemoTest.getInfo(GetDemoTest.java:12)
	at com.imooc.GetDemoTest.getInfo(GetDemoTest.java:12)
	at com.imooc.GetDemoTest.getInfo(GetDemoTest.java:12)
	at com.imooc.GetDemoTest.getInfo(GetDemoTest.java:12)
	at com.imooc.GetDemoTest.getInfo(GetDemoTest.java:12)
	at com.imooc.GetDemoTest.getInfo(GetDemoTest.java:12)
	at com.imooc.GetDemoTest.getInfo(GetDemoTest.java:12)
	at com.imooc.GetDemoTest.getInfo(GetDemoTest.java:12)
	at com.imooc.GetDemoTest.getInfo(GetDemoTest.java:12)
	at com.imooc.GetDemoTest.getInfo(GetDemoTest.java:12)
	at com.imooc.GetDemoTest.getInfo(GetDemoTest.java:12)
	at com.imooc.GetDemoTest.getInfo(GetDemoTest.java:12)
	at com.imooc.GetDemoTest.getInfo(GetDemoTest.java:12)
	at com.imooc.GetDemoTest.getInfo(GetDemoTest.java:12)
	at com.imooc.GetDemoTest.getInfo(GetDemoTest.java:12)
	at com.imooc.GetDemoTest.getInfo(GetDemoTest.java:12)
	at com.imooc.GetDemoTest.getInfo(GetDemoTest.java:12)
	at com.imooc.GetDemoTest.getInfo(GetDemoTest.java:12)
	at com.imooc.GetDemoTest.getInfo(GetDemoTest.java:12)
	at com.imooc.GetDemoTest.getInfo(GetDemoTest.java:12)
	at com.imooc.GetDemoTest.getInfo(GetDemoTest.java:12)
	at com.imooc.GetDemoTest.getInfo(GetDemoTest.java:12)
	at com.imooc.GetDemoTest.getInfo(GetDemoTest.java:12)
	at com.imooc.GetDemoTest.getInfo(GetDemoTest.java:12)
	at com.imooc.GetDemoTest.getInfo(GetDemoTest.java:12)
	at com.imooc.GetDemoTest.getInfo(GetDemoTest.java:12)
	at com.imooc.GetDemoTest.getInfo(GetDemoTest.java:12)
	at com.imooc.GetDemoTest.getInfo(GetDemoTest.java:12)
	at com.imooc.GetDemoTest.getInfo(GetDemoTest.java:12)
	at com.imooc.GetDemoTest.getInfo(GetDemoTest.java:12)
	at com.imooc.GetDemoTest.getInfo(GetDemoTest.java:12)
	at com.imooc.GetDemoTest.getInfo(GetDemoTest.java:12)
	at com.imooc.GetDemoTest.getInfo(GetDemoTest.java:12)
	at com.imooc.GetDemoTest.getInfo(GetDemoTest.java:12)
	at com.imooc.GetDemoTest.getInfo(GetDemoTest.java:12)
	at com.imooc.GetDemoTest.getInfo(GetDemoTest.java:12)
	at com.imooc.GetDemoTest.getInfo(GetDemoTest.java:12)
	at com.imooc.GetDemoTest.getInfo(GetDemoTest.java:12)
	at com.imooc.GetDemoTest.getInfo(GetDemoTest.java:12)
	at com.imooc.GetDemoTest.getInfo(GetDemoTest.java:12)
	at com.imooc.GetDemoTest.getInfo(GetDemoTest.java:12)
	at com.imooc.GetDemoTest.getInfo(GetDemoTest.java:12)
	at com.imooc.GetDemoTest.getInfo(GetDemoTest.java:12)
	at com.imooc.GetDemoTest.getInfo(GetDemoTest.java:12)
	at com.imooc.GetDemoTest.getInfo(GetDemoTest.java:12)
	at com.imooc.GetDemoTest.getInfo(GetDemoTest.java:12)
	at com.imooc.GetDemoTest.getInfo(GetDemoTest.java:12)
	at com.imooc.GetDemoTest.getInfo(GetDemoTest.java:12)
	at com.imooc.GetDemoTest.getInfo(GetDemoTest.java:12)
	at com.imooc.GetDemoTest.getInfo(GetDemoTest.java:12)
	at com.imooc.GetDemoTest.getInfo(GetDemoTest.java:12)
	at com.imooc.GetDemoTest.getInfo(GetDemoTest.java:12)
	at com.imooc.GetDemoTest.getInfo(GetDemoTest.java:12)
	at com.imooc.GetDemoTest.getInfo(GetDemoTest.java:12)
	at com.imooc.GetDemoTest.getInfo(GetDemoTest.java:12)
	at com.imooc.GetDemoTest.getInfo(GetDemoTest.java:12)
	at com.imooc.GetDemoTest.getInfo(GetDemoTest.java:12)
	at com.imooc.GetDemoTest.getInfo(GetDemoTest.java:12)
	at com.imooc.GetDemoTest.getInfo(GetDemoTest.java:12)
	at com.imooc.GetDemoTest.getInfo(GetDemoTest.java:12)
	at com.imooc.GetDemoTest.getInfo(GetDemoTest.java:12)
	at com.imooc.GetDemoTest.getInfo(GetDemoTest.java:12)
	at com.imooc.GetDemoTest.getInfo(GetDemoTest.java:12)
	at com.imooc.GetDemoTest.getInfo(GetDemoTest.java:12)
	at com.imooc.GetDemoTest.getInfo(GetDemoTest.java:12)
	at com.imooc.GetDemoTest.getInfo(GetDemoTest.java:12)
	at com.imooc.GetDemoTest.getInfo(GetDemoTest.java:12)
	at com.imooc.GetDemoTest.getInfo(GetDemoTest.java:12)
	at com.imooc.GetDemoTest.getInfo(GetDemoTest.java:12)
	at com.imooc.GetDemoTest.getInfo(GetDemoTest.java:12)
	at com.imooc.GetDemoTest.getInfo(GetDemoTest.java:12)
	at com.imooc.GetDemoTest.getInfo(GetDemoTest.java:12)
	at com.imooc.GetDemoTest.getInfo(GetDemoTest.java:12)
	at com.imooc.GetDemoTest.getInfo(GetDemoTest.java:12)
	at com.imooc.GetDemoTest.getInfo(GetDemoTest.java:12)
	at com.imooc.GetDemoTest.getInfo(GetDemoTest.java:12)
	at com.imooc.GetDemoTest.getInfo(GetDemoTest.java:12)
	at com.imooc.GetDemoTest.getInfo(GetDemoTest.java:12)
	at com.imooc.GetDemoTest.getInfo(GetDemoTest.java:12)
	at com.imooc.GetDemoTest.getInfo(GetDemoTest.java:12)
	at com.imooc.GetDemoTest.getInfo(GetDemoTest.java:12)
	at com.imooc.GetDemoTest.getInfo(GetDemoTest.java:12)
	at com.imooc.GetDemoTest.getInfo(GetDemoTest.java:12)
	at com.imooc.GetDemoTest.getInfo(GetDemoTest.java:12)
	at com.imooc.GetDemoTest.getInfo(GetDemoTest.java:12)
	at com.imooc.GetDemoTest.getInfo(GetDemoTest.java:12)
	at com.imooc.GetDemoTest.getInfo(GetDemoTest.java:12)
	at com.imooc.GetDemoTest.getInfo(GetDemoTest.java:12)
	at com.imooc.GetDemoTest.getInfo(GetDemoTest.java:12)
	at com.imooc.GetDemoTest.getInfo(GetDemoTest.java:12)
	at com.imooc.GetDemoTest.getInfo(GetDemoTest.java:12)
	at com.imooc.GetDemoTest.getInfo(GetDemoTest.java:12)
	at com.imooc.GetDemoTest.getInfo(GetDemoTest.java:12)
	at com.imooc.GetDemoTest.getInfo(GetDemoTest.java:12)
	at com.imooc.GetDemoTest.getInfo(GetDemoTest.java:12)
	at com.imooc.GetDemoTest.getInfo(GetDemoTest.java:12)
	at com.imooc.GetDemoTest.getInfo(GetDemoTest.java:12)
	at com.imooc.GetDemoTest.getInfo(GetDemoTest.java:12)
	at com.imooc.GetDemoTest.getInfo(GetDemoTest.java:12)
	at com.imooc.GetDemoTest.getInfo(GetDemoTest.java:12)
	at com.imooc.GetDemoTest.getInfo(GetDemoTest.java:12)
	at com.imooc.GetDemoTest.getInfo(GetDemoTest.java:12)
	at com.imooc.GetDemoTest.getInfo(GetDemoTest.java:12)
	at com.imooc.GetDemoTest.getInfo(GetDemoTest.java:12)
	at com.imooc.GetDemoTest.getInfo(GetDemoTest.java:12)
	at com.imooc.GetDemoTest.getInfo(GetDemoTest.java:12)
	at com.imooc.GetDemoTest.getInfo(GetDemoTest.java:12)
	at com.imooc.GetDemoTest.getInfo(GetDemoTest.java:12)
	at com.imooc.GetDemoTest.getInfo(GetDemoTest.java:12)
	at com.imooc.GetDemoTest.getInfo(GetDemoTest.java:12)
	at com.imooc.GetDemoTest.getInfo(GetDemoTest.java:12)
	at com.imooc.GetDemoTest.getInfo(GetDemoTest.java:12)
	at com.imooc.GetDemoTest.getInfo(GetDemoTest.java:12)
	at com.imooc.GetDemoTest.getInfo(GetDemoTest.java:12)
	at com.imooc.GetDemoTest.getInfo(GetDemoTest.java:12)
	at com.imooc.GetDemoTest.getInfo(GetDemoTest.java:12)
	at com.imooc.GetDemoTest.getInfo(GetDemoTest.java:12)
	at com.imooc.GetDemoTest.getInfo(GetDemoTest.java:12)
	at com.imooc.GetDemoTest.getInfo(GetDemoTest.java:12)
	at com.imooc.GetDemoTest.getInfo(GetDemoTest.java:12)
	at com.imooc.GetDemoTest.getInfo(GetDemoTest.java:12)
	at com.imooc.GetDemoTest.getInfo(GetDemoTest.java:12)
	at com.imooc.GetDemoTest.getInfo(GetDemoTest.java:12)
	at com.imooc.GetDemoTest.getInfo(GetDemoTest.java:12)
	at com.imooc.GetDemoTest.getInfo(GetDemoTest.java:12)
	at com.imooc.GetDemoTest.getInfo(GetDemoTest.java:12)
	at com.imooc.GetDemoTest.getInfo(GetDemoTest.java:12)
	at com.imooc.GetDemoTest.getInfo(GetDemoTest.java:12)
	at com.imooc.GetDemoTest.getInfo(GetDemoTest.java:12)
	at com.imooc.GetDemoTest.getInfo(GetDemoTest.java:12)
	at com.imooc.GetDemoTest.getInfo(GetDemoTest.java:12)
	at com.imooc.GetDemoTest.getInfo(GetDemoTest.java:12)
	at com.imooc.GetDemoTest.getInfo(GetDemoTest.java:12)
	at com.imooc.GetDemoTest.getInfo(GetDemoTest.java:12)
	at com.imooc.GetDemoTest.getInfo(GetDemoTest.java:12)
	at com.imooc.GetDemoTest.getInfo(GetDemoTest.java:12)
	at com.imooc.GetDemoTest.getInfo(GetDemoTest.java:12)
	at com.imooc.GetDemoTest.getInfo(GetDemoTest.java:12)
	at com.imooc.GetDemoTest.getInfo(GetDemoTest.java:12)
	at com.imooc.GetDemoTest.getInfo(GetDemoTest.java:12)
	at com.imooc.GetDemoTest.getInfo(GetDemoTest.java:12)
	at com.imooc.GetDemoTest.getInfo(GetDemoTest.java:12)
	at com.imooc.GetDemoTest.getInfo(GetDemoTest.java:12)
	at com.imooc.GetDemoTest.getInfo(GetDemoTest.java:12)
	at com.imooc.GetDemoTest.getInfo(GetDemoTest.java:12)
	at com.imooc.GetDemoTest.getInfo(GetDemoTest.java:12)
	at com.imooc.GetDemoTest.getInfo(GetDemoTest.java:12)
	at com.imooc.GetDemoTest.getInfo(GetDemoTest.java:12)
	at com.imooc.GetDemoTest.getInfo(GetDemoTest.java:12)
	at com.imooc.GetDemoTest.getInfo(GetDemoTest.java:12)
	at com.imooc.GetDemoTest.getInfo(GetDemoTest.java:12)
	at com.imooc.GetDemoTest.getInfo(GetDemoTest.java:12)
	at com.imooc.GetDemoTest.getInfo(GetDemoTest.java:12)
	at com.imooc.GetDemoTest.getInfo(GetDemoTest.java:12)
	at com.imooc.GetDemoTest.getInfo(GetDemoTest.java:12)
	at com.imooc.GetDemoTest.getInfo(GetDemoTest.java:12)
	at com.imooc.GetDemoTest.getInfo(GetDemoTest.java:12)
	at com.imooc.GetDemoTest.getInfo(GetDemoTest.java:12)
	at com.imooc.GetDemoTest.getInfo(GetDemoTest.java:12)
	at com.imooc.GetDemoTest.getInfo(GetDemoTest.java:12)
	at com.imooc.GetDemoTest.getInfo(GetDemoTest.java:12)
	at com.imooc.GetDemoTest.getInfo(GetDemoTest.java:12)
	at com.imooc.GetDemoTest.getInfo(GetDemoTest.java:12)
	at com.imooc.GetDemoTest.getInfo(GetDemoTest.java:12)
	at com.imooc.GetDemoTest.getInfo(GetDemoTest.java:12)
	at com.imooc.GetDemoTest.getInfo(GetDemoTest.java:12)
	at com.imooc.GetDemoTest.getInfo(GetDemoTest.java:12)
	at com.imooc.GetDemoTest.getInfo(GetDemoTest.java:12)
	at com.imooc.GetDemoTest.getInfo(GetDemoTest.java:12)
	at com.imooc.GetDemoTest.getInfo(GetDemoTest.java:12)
	at com.imooc.GetDemoTest.getInfo(GetDemoTest.java:12)
	at com.imooc.GetDemoTest.getInfo(GetDemoTest.java:12)
	at com.imooc.GetDemoTest.getInfo(GetDemoTest.java:12)
	at com.imooc.GetDemoTest.getInfo(GetDemoTest.java:12)
	at com.imooc.GetDemoTest.getInfo(GetDemoTest.java:12)
	at com.imooc.GetDemoTest.getInfo(GetDemoTest.java:12)
	at com.imooc.GetDemoTest.getInfo(GetDemoTest.java:12)
	at com.imooc.GetDemoTest.getInfo(GetDemoTest.java:12)
	at com.imooc.GetDemoTest.getInfo(GetDemoTest.java:12)
	at com.imooc.GetDemoTest.getInfo(GetDemoTest.java:12)
	at com.imooc.GetDemoTest.getInfo(GetDemoTest.java:12)
	at com.imooc.GetDemoTest.getInfo(GetDemoTest.java:12)
	at com.imooc.GetDemoTest.getInfo(GetDemoTest.java:12)
	at com.imooc.GetDemoTest.getInfo(GetDemoTest.java:12)
	at com.imooc.GetDemoTest.getInfo(GetDemoTest.java:12)
	at com.imooc.GetDemoTest.getInfo(GetDemoTest.java:12)
	at com.imooc.GetDemoTest.getInfo(GetDemoTest.java:12)
	at com.imooc.GetDemoTest.getInfo(GetDemoTest.java:12)
	at com.imooc.GetDemoTest.getInfo(GetDemoTest.java:12)
	at com.imooc.GetDemoTest.getInfo(GetDemoTest.java:12)
	at com.imooc.GetDemoTest.getInfo(GetDemoTest.java:12)
	at com.imooc.GetDemoTest.getInfo(GetDemoTest.java:12)
	at com.imooc.GetDemoTest.getInfo(GetDemoTest.java:12)
	at com.imooc.GetDemoTest.getInfo(GetDemoTest.java:12)
	at com.imooc.GetDemoTest.getInfo(GetDemoTest.java:12)
	at com.imooc.GetDemoTest.getInfo(GetDemoTest.java:12)
	at com.imooc.GetDemoTest.getInfo(GetDemoTest.java:12)
	at com.imooc.GetDemoTest.getInfo(GetDemoTest.java:12)
	at com.imooc.GetDemoTest.getInfo(GetDemoTest.java:12)
	at com.imooc.GetDemoTest.getInfo(GetDemoTest.java:12)
	at com.imooc.GetDemoTest.getInfo(GetDemoTest.java:12)
	at com.imooc.GetDemoTest.getInfo(GetDemoTest.java:12)
	at com.imooc.GetDemoTest.getInfo(GetDemoTest.java:12)
	at com.imooc.GetDemoTest.getInfo(GetDemoTest.java:12)
	at com.imooc.GetDemoTest.getInfo(GetDemoTest.java:12)
	at com.imooc.GetDemoTest.getInfo(GetDemoTest.java:12)
	at com.imooc.GetDemoTest.getInfo(GetDemoTest.java:12)
	at com.imooc.GetDemoTest.getInfo(GetDemoTest.java:12)
	at com.imooc.GetDemoTest.getInfo(GetDemoTest.java:12)
	at com.imooc.GetDemoTest.getInfo(GetDemoTest.java:12)
	at com.imooc.GetDemoTest.getInfo(GetDemoTest.java:12)
	at com.imooc.GetDemoTest.getInfo(GetDemoTest.java:12)
	at com.imooc.GetDemoTest.getInfo(GetDemoTest.java:12)
	at com.imooc.GetDemoTest.getInfo(GetDemoTest.java:12)
	at com.imooc.GetDemoTest.getInfo(GetDemoTest.java:12)
	at com.imooc.GetDemoTest.getInfo(GetDemoTest.java:12)
	at com.imooc.GetDemoTest.getInfo(GetDemoTest.java:12)
	at com.imooc.GetDemoTest.getInfo(GetDemoTest.java:12)
	at com.imooc.GetDemoTest.getInfo(GetDemoTest.java:12)
	at com.imooc.GetDemoTest.getInfo(GetDemoTest.java:12)
	at com.imooc.GetDemoTest.getInfo(GetDemoTest.java:12)
	at com.imooc.GetDemoTest.getInfo(GetDemoTest.java:12)
	at com.imooc.GetDemoTest.getInfo(GetDemoTest.java:12)
	at com.imooc.GetDemoTest.getInfo(GetDemoTest.java:12)
	at com.imooc.GetDemoTest.getInfo(GetDemoTest.java:12)
	at com.imooc.GetDemoTest.getInfo(GetDemoTest.java:12)
	at com.imooc.GetDemoTest.getInfo(GetDemoTest.java:12)
	at com.imooc.GetDemoTest.getInfo(GetDemoTest.java:12)
	at com.imooc.GetDemoTest.getInfo(GetDemoTest.java:12)
	at com.imooc.GetDemoTest.getInfo(GetDemoTest.java:12)
	at com.imooc.GetDemoTest.getInfo(GetDemoTest.java:12)
	at com.imooc.GetDemoTest.getInfo(GetDemoTest.java:12)
	at com.imooc.GetDemoTest.getInfo(GetDemoTest.java:12)
	at com.imooc.GetDemoTest.getInfo(GetDemoTest.java:12)
	at com.imooc.GetDemoTest.getInfo(GetDemoTest.java:12)
	at com.imooc.GetDemoTest.getInfo(GetDemoTest.java:12)
	at com.imooc.GetDemoTest.getInfo(GetDemoTest.java:12)
	at com.imooc.GetDemoTest.getInfo(GetDemoTest.java:12)
	at com.imooc.GetDemoTest.getInfo(GetDemoTest.java:12)
	at com.imooc.GetDemoTest.getInfo(GetDemoTest.java:12)
	at com.imooc.GetDemoTest.getInfo(GetDemoTest.java:12)
	at com.imooc.GetDemoTest.getInfo(GetDemoTest.java:12)
	at com.imooc.GetDemoTest.getInfo(GetDemoTest.java:12)
	at com.imooc.GetDemoTest.getInfo(GetDemoTest.java:12)
	at com.imooc.GetDemoTest.getInfo(GetDemoTest.java:12)
	at com.imooc.GetDemoTest.getInfo(GetDemoTest.java:12)
	at com.imooc.GetDemoTest.getInfo(GetDemoTest.java:12)
	at com.imooc.GetDemoTest.getInfo(GetDemoTest.java:12)
	at com.imooc.GetDemoTest.getInfo(GetDemoTest.java:12)
	at com.imooc.GetDemoTest.getInfo(GetDemoTest.java:12)
	at com.imooc.GetDemoTest.getInfo(GetDemoTest.java:12)
	at com.imooc.GetDemoTest.getInfo(GetDemoTest.java:12)
	at com.imooc.GetDemoTest.getInfo(GetDemoTest.java:12)
	at com.imooc.GetDemoTest.getInfo(GetDemoTest.java:12)
	at com.imooc.GetDemoTest.getInfo(GetDemoTest.java:12)
	at com.imooc.GetDemoTest.getInfo(GetDemoTest.java:12)
	at com.imooc.GetDemoTest.getInfo(GetDemoTest.java:12)
	at com.imooc.GetDemoTest.getInfo(GetDemoTest.java:12)
	at com.imooc.GetDemoTest.getInfo(GetDemoTest.java:12)
	at com.imooc.GetDemoTest.getInfo(GetDemoTest.java:12)
	at com.imooc.GetDemoTest.getInfo(GetDemoTest.java:12)
	at com.imooc.GetDemoTest.getInfo(GetDemoTest.java:12)
	at com.imooc.GetDemoTest.getInfo(GetDemoTest.java:12)
	at com.imooc.GetDemoTest.getInfo(GetDemoTest.java:12)
	at com.imooc.GetDemoTest.getInfo(GetDemoTest.java:12)
	at com.imooc.GetDemoTest.getInfo(GetDemoTest.java:12)
	at com.imooc.GetDemoTest.getInfo(GetDemoTest.java:12)
	at com.imooc.GetDemoTest.getInfo(GetDemoTest.java:12)
	at com.imooc.GetDemoTest.getInfo(GetDemoTest.java:12)
	at com.imooc.GetDemoTest.getInfo(GetDemoTest.java:12)
	at com.imooc.GetDemoTest.getInfo(GetDemoTest.java:12)
	at com.imooc.GetDemoTest.getInfo(GetDemoTest.java:12)
	at com.imooc.GetDemoTest.getInfo(GetDemoTest.java:12)
	at com.imooc.GetDemoTest.getInfo(GetDemoTest.java:12)
	at com.imooc.GetDemoTest.getInfo(GetDemoTest.java:12)
	at com.imooc.GetDemoTest.getInfo(GetDemoTest.java:12)
	at com.imooc.GetDemoTest.getInfo(GetDemoTest.java:12)
	at com.imooc.GetDemoTest.getInfo(GetDemoTest.java:12)
	at com.imooc.GetDemoTest.getInfo(GetDemoTest.java:12)
	at com.imooc.GetDemoTest.getInfo(GetDemoTest.java:12)
	at com.imooc.GetDemoTest.getInfo(GetDemoTest.java:12)
	at com.imooc.GetDemoTest.getInfo(GetDemoTest.java:12)
	at com.imooc.GetDemoTest.getInfo(GetDemoTest.java:12)
	at com.imooc.GetDemoTest.getInfo(GetDemoTest.java:12)
	at com.imooc.GetDemoTest.getInfo(GetDemoTest.java:12)
	at com.imooc.GetDemoTest.getInfo(GetDemoTest.java:12)
	at com.imooc.GetDemoTest.getInfo(GetDemoTest.java:12)
	at com.imooc.GetDemoTest.getInfo(GetDemoTest.java:12)
	at com.imooc.GetDemoTest.getInfo(GetDemoTest.java:12)
	at com.imooc.GetDemoTest.getInfo(GetDemoTest.java:12)
	at com.imooc.GetDemoTest.getInfo(GetDemoTest.java:12)
	at com.imooc.GetDemoTest.getInfo(GetDemoTest.java:12)
	at com.imooc.GetDemoTest.getInfo(GetDemoTest.java:12)
	at com.imooc.GetDemoTest.getInfo(GetDemoTest.java:12)
	at com.imooc.GetDemoTest.getInfo(GetDemoTest.java:12)
	at com.imooc.GetDemoTest.getInfo(GetDemoTest.java:12)
	at com.imooc.GetDemoTest.getInfo(GetDemoTest.java:12)
	at com.imooc.GetDemoTest.getInfo(GetDemoTest.java:12)
	at com.imooc.GetDemoTest.getInfo(GetDemoTest.java:12)
	at com.imooc.GetDemoTest.getInfo(GetDemoTest.java:12)
	at com.imooc.GetDemoTest.getInfo(GetDemoTest.java:12)
	at com.imooc.GetDemoTest.getInfo(GetDemoTest.java:12)
	at com.imooc.GetDemoTest.getInfo(GetDemoTest.java:12)
	at com.imooc.GetDemoTest.getInfo(GetDemoTest.java:12)
	at com.imooc.GetDemoTest.getInfo(GetDemoTest.java:12)
	at com.imooc.GetDemoTest.getInfo(GetDemoTest.java:12)
	at com.imooc.GetDemoTest.getInfo(GetDemoTest.java:12)
	at com.imooc.GetDemoTest.getInfo(GetDemoTest.java:12)
	at com.imooc.GetDemoTest.getInfo(GetDemoTest.java:12)
	at com.imooc.GetDemoTest.getInfo(GetDemoTest.java:12)
	at com.imooc.GetDemoTest.getInfo(GetDemoTest.java:12)
	at com.imooc.GetDemoTest.getInfo(GetDemoTest.java:12)
	at com.imooc.GetDemoTest.getInfo(GetDemoTest.java:12)
	at com.imooc.GetDemoTest.getInfo(GetDemoTest.java:12)
	at com.imooc.GetDemoTest.getInfo(GetDemoTest.java:12)
	at com.imooc.GetDemoTest.getInfo(GetDemoTest.java:12)
	at com.imooc.GetDemoTest.getInfo(GetDemoTest.java:12)
	at com.imooc.GetDemoTest.getInfo(GetDemoTest.java:12)
	at com.imooc.GetDemoTest.getInfo(GetDemoTest.java:12)
	at com.imooc.GetDemoTest.getInfo(GetDemoTest.java:12)
	at com.imooc.GetDemoTest.getInfo(GetDemoTest.java:12)
	at com.imooc.GetDemoTest.getInfo(GetDemoTest.java:12)
	at com.imooc.GetDemoTest.getInfo(GetDemoTest.java:12)
	at com.imooc.GetDemoTest.getInfo(GetDemoTest.java:12)
	at com.imooc.GetDemoTest.getInfo(GetDemoTest.java:12)
	at com.imooc.GetDemoTest.getInfo(GetDemoTest.java:12)
	at com.imooc.GetDemoTest.getInfo(GetDemoTest.java:12)
	at com.imooc.GetDemoTest.getInfo(GetDemoTest.java:12)
	at com.imooc.GetDemoTest.getInfo(GetDemoTest.java:12)
	at com.imooc.GetDemoTest.getInfo(GetDemoTest.java:12)
	at com.imooc.GetDemoTest.getInfo(GetDemoTest.java:12)
	at com.imooc.GetDemoTest.getInfo(GetDemoTest.java:12)
	at com.imooc.GetDemoTest.getInfo(GetDemoTest.java:12)
	at com.imooc.GetDemoTest.getInfo(GetDemoTest.java:12)
	at com.imooc.GetDemoTest.getInfo(GetDemoTest.java:12)
	at com.imooc.GetDemoTest.getInfo(GetDemoTest.java:12)
	at com.imooc.GetDemoTest.getInfo(GetDemoTest.java:12)
	at com.imooc.GetDemoTest.getInfo(GetDemoTest.java:12)
	at com.imooc.GetDemoTest.getInfo(GetDemoTest.java:12)
	at com.imooc.GetDemoTest.getInfo(GetDemoTest.java:12)
	at com.imooc.GetDemoTest.getInfo(GetDemoTest.java:12)
	at com.imooc.GetDemoTest.getInfo(GetDemoTest.java:12)
	at com.imooc.GetDemoTest.getInfo(GetDemoTest.java:12)
	at com.imooc.GetDemoTest.getInfo(GetDemoTest.java:12)
	at com.imooc.GetDemoTest.getInfo(GetDemoTest.java:12)
	at com.imooc.GetDemoTest.getInfo(GetDemoTest.java:12)
	at com.imooc.GetDemoTest.getInfo(GetDemoTest.java:12)
	at com.imooc.GetDemoTest.getInfo(GetDemoTest.java:12)
	at com.imooc.GetDemoTest.getInfo(GetDemoTest.java:12)
	at com.imooc.GetDemoTest.getInfo(GetDemoTest.java:12)
	at com.imooc.GetDemoTest.getInfo(GetDemoTest.java:12)
	at com.imooc.GetDemoTest.getInfo(GetDemoTest.java:12)
	at com.imooc.GetDemoTest.getInfo(GetDemoTest.java:12)
	at com.imooc.GetDemoTest.getInfo(GetDemoTest.java:12)
	at com.imooc.GetDemoTest.getInfo(GetDemoTest.java:12)
	at com.imooc.GetDemoTest.getInfo(GetDemoTest.java:12)
	at com.imooc.GetDemoTest.getInfo(GetDemoTest.java:12)
	at com.imooc.GetDemoTest.getInfo(GetDemoTest.java:12)
	at com.imooc.GetDemoTest.getInfo(GetDemoTest.java:12)
	at com.imooc.GetDemoTest.getInfo(GetDemoTest.java:12)
	at com.imooc.GetDemoTest.getInfo(GetDemoTest.java:12)
	at com.imooc.GetDemoTest.getInfo(GetDemoTest.java:12)
	at com.imooc.GetDemoTest.getInfo(GetDemoTest.java:12)
	at com.imooc.GetDemoTest.getInfo(GetDemoTest.java:12)
	at com.imooc.GetDemoTest.getInfo(GetDemoTest.java:12)
	at com.imooc.GetDemoTest.getInfo(GetDemoTest.java:12)
	at com.imooc.GetDemoTest.getInfo(GetDemoTest.java:12)
	at com.imooc.GetDemoTest.getInfo(GetDemoTest.java:12)
	at com.imooc.GetDemoTest.getInfo(GetDemoTest.java:12)
	at com.imooc.GetDemoTest.getInfo(GetDemoTest.java:12)
	at com.imooc.GetDemoTest.getInfo(GetDemoTest.java:12)
	at com.imooc.GetDemoTest.getInfo(GetDemoTest.java:12)
	at com.imooc.GetDemoTest.getInfo(GetDemoTest.java:12)
	at com.imooc.GetDemoTest.getInfo(GetDemoTest.java:12)
	at com.imooc.GetDemoTest.getInfo(GetDemoTest.java:12)
	at com.imooc.GetDemoTest.getInfo(GetDemoTest.java:12)
	at com.imooc.GetDemoTest.getInfo(GetDemoTest.java:12)
	at com.imooc.GetDemoTest.getInfo(GetDemoTest.java:12)
	at com.imooc.GetDemoTest.getInfo(GetDemoTest.java:12)
	at com.imooc.GetDemoTest.getInfo(GetDemoTest.java:12)
	at com.imooc.GetDemoTest.getInfo(GetDemoTest.java:12)
	at com.imooc.GetDemoTest.getInfo(GetDemoTest.java:12)
	at com.imooc.GetDemoTest.getInfo(GetDemoTest.java:12)
	at com.imooc.GetDemoTest.getInfo(GetDemoTest.java:12)
	at com.imooc.GetDemoTest.getInfo(GetDemoTest.java:12)
	at com.imooc.GetDemoTest.getInfo(GetDemoTest.java:12)
	at com.imooc.GetDemoTest.getInfo(GetDemoTest.java:12)
	at com.imooc.GetDemoTest.getInfo(GetDemoTest.java:12)
	at com.imooc.GetDemoTest.getInfo(GetDemoTest.java:12)
	at com.imooc.GetDemoTest.getInfo(GetDemoTest.java:12)
	at com.imooc.GetDemoTest.getInfo(GetDemoTest.java:12)
	at com.imooc.GetDemoTest.getInfo(GetDemoTest.java:12)
	at com.imooc.GetDemoTest.getInfo(GetDemoTest.java:12)
	at com.imooc.GetDemoTest.getInfo(GetDemoTest.java:12)
	at com.imooc.GetDemoTest.getInfo(GetDemoTest.java:12)
	at com.imooc.GetDemoTest.getInfo(GetDemoTest.java:12)
	at com.imooc.GetDemoTest.getInfo(GetDemoTest.java:12)
	at com.imooc.GetDemoTest.getInfo(GetDemoTest.java:12)
	at com.imooc.GetDemoTest.getInfo(GetDemoTest.java:12)
	at com.imooc.GetDemoTest.getInfo(GetDemoTest.java:12)
	at com.imooc.GetDemoTest.getInfo(GetDemoTest.java:12)
	at com.imooc.GetDemoTest.getInfo(GetDemoTest.java:12)
	at com.imooc.GetDemoTest.getInfo(GetDemoTest.java:12)
	at com.imooc.GetDemoTest.getInfo(GetDemoTest.java:12)
	at com.imooc.GetDemoTest.getInfo(GetDemoTest.java:12)
	at com.imooc.GetDemoTest.getInfo(GetDemoTest.java:12)
	at com.imooc.GetDemoTest.getInfo(GetDemoTest.java:12)
	at com.imooc.GetDemoTest.getInfo(GetDemoTest.java:12)
	at com.imooc.GetDemoTest.getInfo(GetDemoTest.java:12)
	at com.imooc.GetDemoTest.getInfo(GetDemoTest.java:12)
	at com.imooc.GetDemoTest.getInfo(GetDemoTest.java:12)
	at com.imooc.GetDemoTest.getInfo(GetDemoTest.java:12)
	at com.imooc.GetDemoTest.getInfo(GetDemoTest.java:12)
	at com.imooc.GetDemoTest.getInfo(GetDemoTest.java:12)
	at com.imooc.GetDemoTest.getInfo(GetDemoTest.java:12)
	at com.imooc.GetDemoTest.getInfo(GetDemoTest.java:12)
	at com.imooc.GetDemoTest.getInfo(GetDemoTest.java:12)
	at com.imooc.GetDemoTest.getInfo(GetDemoTest.java:12)
	at com.imooc.GetDemoTest.getInfo(GetDemoTest.java:12)
	at com.imooc.GetDemoTest.getInfo(GetDemoTest.java:12)
	at com.imooc.GetDemoTest.getInfo(GetDemoTest.java:12)
	at com.imooc.GetDemoTest.getInfo(GetDemoTest.java:12)
	at com.imooc.GetDemoTest.getInfo(GetDemoTest.java:12)
	at com.imooc.GetDemoTest.getInfo(GetDemoTest.java:12)
	at com.imooc.GetDemoTest.getInfo(GetDemoTest.java:12)
	at com.imooc.GetDemoTest.getInfo(GetDemoTest.java:12)
	at com.imooc.GetDemoTest.getInfo(GetDemoTest.java:12)
	at com.imooc.GetDemoTest.getInfo(GetDemoTest.java:12)
	at com.imooc.GetDemoTest.getInfo(GetDemoTest.java:12)
	at com.imooc.GetDemoTest.getInfo(GetDemoTest.java:12)
	at com.imooc.GetDemoTest.getInfo(GetDemoTest.java:12)
	at com.imooc.GetDemoTest.getInfo(GetDemoTest.java:12)
	at com.imooc.GetDemoTest.getInfo(GetDemoTest.java:12)
	at com.imooc.GetDemoTest.getInfo(GetDemoTest.java:12)
	at com.imooc.GetDemoTest.getInfo(GetDemoTest.java:12)
	at com.imooc.GetDemoTest.getInfo(GetDemoTest.java:12)
	at com.imooc.GetDemoTest.getInfo(GetDemoTest.java:12)
	at com.imooc.GetDemoTest.getInfo(GetDemoTest.java:12)
	at com.imooc.GetDemoTest.getInfo(GetDemoTest.java:12)
	at com.imooc.GetDemoTest.getInfo(GetDemoTest.java:12)
	at com.imooc.GetDemoTest.getInfo(GetDemoTest.java:12)
	at com.imooc.GetDemoTest.getInfo(GetDemoTest.java:12)
	at com.imooc.GetDemoTest.getInfo(GetDemoTest.java:12)
	at com.imooc.GetDemoTest.getInfo(GetDemoTest.java:12)
	at com.imooc.GetDemoTest.getInfo(GetDemoTest.java:12)
	at com.imooc.GetDemoTest.getInfo(GetDemoTest.java:12)
	at com.imooc.GetDemoTest.getInfo(GetDemoTest.java:12)
	at com.imooc.GetDemoTest.getInfo(GetDemoTest.java:12)
	at com.imooc.GetDemoTest.getInfo(GetDemoTest.java:12)
	at com.imooc.GetDemoTest.getInfo(GetDemoTest.java:12)
	at com.imooc.GetDemoTest.getInfo(GetDemoTest.java:12)
	at com.imooc.GetDemoTest.getInfo(GetDemoTest.java:12)
	at com.imooc.GetDemoTest.getInfo(GetDemoTest.java:12)
	at com.imooc.GetDemoTest.getInfo(GetDemoTest.java:12)
	at com.imooc.GetDemoTest.getInfo(GetDemoTest.java:12)
	at com.imooc.GetDemoTest.getInfo(GetDemoTest.java:12)
	at com.imooc.GetDemoTest.getInfo(GetDemoTest.java:12)
	at com.imooc.GetDemoTest.getInfo(GetDemoTest.java:12)
	at com.imooc.GetDemoTest.getInfo(GetDemoTest.java:12)
	at com.imooc.GetDemoTest.getInfo(GetDemoTest.java:12)
	at com.imooc.GetDemoTest.getInfo(GetDemoTest.java:12)
	at com.imooc.GetDemoTest.getInfo(GetDemoTest.java:12)
	at com.imooc.GetDemoTest.getInfo(GetDemoTest.java:12)
	at com.imooc.GetDemoTest.getInfo(GetDemoTest.java:12)
	at com.imooc.GetDemoTest.getInfo(GetDemoTest.java:12)
	at com.imooc.GetDemoTest.getInfo(GetDemoTest.java:12)
	at com.imooc.GetDemoTest.getInfo(GetDemoTest.java:12)
	at com.imooc.GetDemoTest.getInfo(GetDemoTest.java:12)
	at com.imooc.GetDemoTest.getInfo(GetDemoTest.java:12)
	at com.imooc.GetDemoTest.getInfo(GetDemoTest.java:12)
	at com.imooc.GetDemoTest.getInfo(GetDemoTest.java:12)
	at com.imooc.GetDemoTest.getInfo(GetDemoTest.java:12)
	at com.imooc.GetDemoTest.getInfo(GetDemoTest.java:12)
	at com.imooc.GetDemoTest.getInfo(GetDemoTest.java:12)
	at com.imooc.GetDemoTest.getInfo(GetDemoTest.java:12)
	at com.imooc.GetDemoTest.getInfo(GetDemoTest.java:12)
	at com.imooc.GetDemoTest.getInfo(GetDemoTest.java:12)
	at com.imooc.GetDemoTest.getInfo(GetDemoTest.java:12)
	at com.imooc.GetDemoTest.getInfo(GetDemoTest.java:12)
	at com.imooc.GetDemoTest.getInfo(GetDemoTest.java:12)
	at com.imooc.GetDemoTest.getInfo(GetDemoTest.java:12)
	at com.imooc.GetDemoTest.getInfo(GetDemoTest.java:12)
	at com.imooc.GetDemoTest.getInfo(GetDemoTest.java:12)
	at com.imooc.GetDemoTest.getInfo(GetDemoTest.java:12)
	at com.imooc.GetDemoTest.getInfo(GetDemoTest.java:12)
	at com.imooc.GetDemoTest.getInfo(GetDemoTest.java:12)
	at com.imooc.GetDemoTest.getInfo(GetDemoTest.java:12)
	at com.imooc.GetDemoTest.getInfo(GetDemoTest.java:12)
	at com.imooc.GetDemoTest.getInfo(GetDemoTest.java:12)
	at com.imooc.GetDemoTest.getInfo(GetDemoTest.java:12)
	at com.imooc.GetDemoTest.getInfo(GetDemoTest.java:12)
	at com.imooc.GetDemoTest.getInfo(GetDemoTest.java:12)
	at com.imooc.GetDemoTest.getInfo(GetDemoTest.java:12)
	at com.imooc.GetDemoTest.getInfo(GetDemoTest.java:12)
	at com.imooc.GetDemoTest.getInfo(GetDemoTest.java:12)
	at com.imooc.GetDemoTest.getInfo(GetDemoTest.java:12)
	at com.imooc.GetDemoTest.getInfo(GetDemoTest.java:12)
	at com.imooc.GetDemoTest.getInfo(GetDemoTest.java:12)
	at com.imooc.GetDemoTest.getInfo(GetDemoTest.java:12)
	at com.imooc.GetDemoTest.getInfo(GetDemoTest.java:12)
	at com.imooc.GetDemoTest.getInfo(GetDemoTest.java:12)
	at com.imooc.GetDemoTest.getInfo(GetDemoTest.java:12)
	at com.imooc.GetDemoTest.getInfo(GetDemoTest.java:12)
	at com.imooc.GetDemoTest.getInfo(GetDemoTest.java:12)
	at com.imooc.GetDemoTest.getInfo(GetDemoTest.java:12)
	at com.imooc.GetDemoTest.getInfo(GetDemoTest.java:12)
	at com.imooc.GetDemoTest.getInfo(GetDemoTest.java:12)
	at com.imooc.GetDemoTest.getInfo(GetDemoTest.java:12)
	at com.imooc.GetDemoTest.getInfo(GetDemoTest.java:12)
	at com.imooc.GetDemoTest.getInfo(GetDemoTest.java:12)
	at com.imooc.GetDemoTest.getInfo(GetDemoTest.java:12)
	at com.imooc.GetDemoTest.getInfo(GetDemoTest.java:12)
	at com.imooc.GetDemoTest.getInfo(GetDemoTest.java:12)
	at com.imooc.GetDemoTest.getInfo(GetDemoTest.java:12)
	at com.imooc.GetDemoTest.getInfo(GetDemoTest.java:12)
	at com.imooc.GetDemoTest.getInfo(GetDemoTest.java:12)
	at com.imooc.GetDemoTest.getInfo(GetDemoTest.java:12)
	at com.imooc.GetDemoTest.getInfo(GetDemoTest.java:12)
	at com.imooc.GetDemoTest.getInfo(GetDemoTest.java:12)
	at com.imooc.GetDemoTest.getInfo(GetDemoTest.java:12)
	at com.imooc.GetDemoTest.getInfo(GetDemoTest.java:12)
	at com.imooc.GetDemoTest.getInfo(GetDemoTest.java:12)
	at com.imooc.GetDemoTest.getInfo(GetDemoTest.java:12)
	at com.imooc.GetDemoTest.getInfo(GetDemoTest.java:12)
	at com.imooc.GetDemoTest.getInfo(GetDemoTest.java:12)
	at com.imooc.GetDemoTest.getInfo(GetDemoTest.java:12)
	at com.imooc.GetDemoTest.getInfo(GetDemoTest.java:12)
	at com.imooc.GetDemoTest.getInfo(GetDemoTest.java:12)
	at com.imooc.GetDemoTest.getInfo(GetDemoTest.java:12)
	at com.imooc.GetDemoTest.getInfo(GetDemoTest.java:12)
	at com.imooc.GetDemoTest.getInfo(GetDemoTest.java:12)
	at com.imooc.GetDemoTest.getInfo(GetDemoTest.java:12)
	at com.imooc.GetDemoTest.getInfo(GetDemoTest.java:12)
	at com.imooc.GetDemoTest.getInfo(GetDemoTest.java:12)
	at com.imooc.GetDemoTest.getInfo(GetDemoTest.java:12)
	at com.imooc.GetDemoTest.getInfo(GetDemoTest.java:12)
	at com.imooc.GetDemoTest.getInfo(GetDemoTest.java:12)
	at com.imooc.GetDemoTest.getInfo(GetDemoTest.java:12)
	at com.imooc.GetDemoTest.getInfo(GetDemoTest.java:12)
	at com.imooc.GetDemoTest.getInfo(GetDemoTest.java:12)
	at com.imooc.GetDemoTest.getInfo(GetDemoTest.java:12)
	at com.imooc.GetDemoTest.getInfo(GetDemoTest.java:12)
	at com.imooc.GetDemoTest.getInfo(GetDemoTest.java:12)
	at com.imooc.GetDemoTest.getInfo(GetDemoTest.java:12)
	at com.imooc.GetDemoTest.getInfo(GetDemoTest.java:12)
	at com.imooc.GetDemoTest.getInfo(GetDemoTest.java:12)
	at com.imooc.GetDemoTest.getInfo(GetDemoTest.java:12)
	at com.imooc.GetDemoTest.getInfo(GetDemoTest.java:12)
	at com.imooc.GetDemoTest.getInfo(GetDemoTest.java:12)
	at com.imooc.GetDemoTest.getInfo(GetDemoTest.java:12)
	at com.imooc.GetDemoTest.getInfo(GetDemoTest.java:12)
	at com.imooc.GetDemoTest.getInfo(GetDemoTest.java:12)
	at com.imooc.GetDemoTest.getInfo(GetDemoTest.java:12)
	at com.imooc.GetDemoTest.getInfo(GetDemoTest.java:12)
	at com.imooc.GetDemoTest.getInfo(GetDemoTest.java:12)
	at com.imooc.GetDemoTest.getInfo(GetDemoTest.java:12)
	at com.imooc.GetDemoTest.getInfo(GetDemoTest.java:12)
	at com.imooc.GetDemoTest.getInfo(GetDemoTest.java:12)
	at com.imooc.GetDemoTest.getInfo(GetDemoTest.java:12)
	at com.imooc.GetDemoTest.getInfo(GetDemoTest.java:12)
	at com.imooc.GetDemoTest.getInfo(GetDemoTest.java:12)
	at com.imooc.GetDemoTest.getInfo(GetDemoTest.java:12)
	at com.imooc.GetDemoTest.getInfo(GetDemoTest.java:12)
	at com.imooc.GetDemoTest.getInfo(GetDemoTest.java:12)
	at com.imooc.GetDemoTest.getInfo(GetDemoTest.java:12)
	at com.imooc.GetDemoTest.getInfo(GetDemoTest.java:12)
	at com.imooc.GetDemoTest.getInfo(GetDemoTest.java:12)
	at com.imooc.GetDemoTest.getInfo(GetDemoTest.java:12)
	at com.imooc.GetDemoTest.getInfo(GetDemoTest.java:12)
	at com.imooc.GetDemoTest.getInfo(GetDemoTest.java:12)
	at com.imooc.GetDemoTest.getInfo(GetDemoTest.java:12)
	at com.imooc.GetDemoTest.getInfo(GetDemoTest.java:12)
	at com.imooc.GetDemoTest.getInfo(GetDemoTest.java:12)
	at com.imooc.GetDemoTest.getInfo(GetDemoTest.java:12)
	at com.imooc.GetDemoTest.getInfo(GetDemoTest.java:12)
	at com.imooc.GetDemoTest.getInfo(GetDemoTest.java:12)
	at com.imooc.GetDemoTest.getInfo(GetDemoTest.java:12)
	at com.imooc.GetDemoTest.getInfo(GetDemoTest.java:12)
	at com.imooc.GetDemoTest.getInfo(GetDemoTest.java:12)
	at com.imooc.GetDemoTest.getInfo(GetDemoTest.java:12)
	at com.imooc.GetDemoTest.getInfo(GetDemoTest.java:12)
	at com.imooc.GetDemoTest.getInfo(GetDemoTest.java:12)
	at com.imooc.GetDemoTest.getInfo(GetDemoTest.java:12)
	at com.imooc.GetDemoTest.getInfo(GetDemoTest.java:12)
	at com.imooc.GetDemoTest.getInfo(GetDemoTest.java:12)
	at com.imooc.GetDemoTest.getInfo(GetDemoTest.java:12)
	at com.imooc.GetDemoTest.getInfo(GetDemoTest.java:12)
	at com.imooc.GetDemoTest.getInfo(GetDemoTest.java:12)
	at com.imooc.GetDemoTest.getInfo(GetDemoTest.java:12)
	at com.imooc.GetDemoTest.getInfo(GetDemoTest.java:12)
	at com.imooc.GetDemoTest.getInfo(GetDemoTest.java:12)
	at com.imooc.GetDemoTest.getInfo(GetDemoTest.java:12)
	at com.imooc.GetDemoTest.getInfo(GetDemoTest.java:12)
	at com.imooc.GetDemoTest.getInfo(GetDemoTest.java:12)
	at com.imooc.GetDemoTest.getInfo(GetDemoTest.java:12)
	at com.imooc.GetDemoTest.getInfo(GetDemoTest.java:12)
	at com.imooc.GetDemoTest.getInfo(GetDemoTest.java:12)
	at com.imooc.GetDemoTest.getInfo(GetDemoTest.java:12)
	at com.imooc.GetDemoTest.getInfo(GetDemoTest.java:12)
	at com.imooc.GetDemoTest.getInfo(GetDemoTest.java:12)
	at com.imooc.GetDemoTest.getInfo(GetDemoTest.java:12)
	at com.imooc.GetDemoTest.getInfo(GetDemoTest.java:12)
	at com.imooc.GetDemoTest.getInfo(GetDemoTest.java:12)
	at com.imooc.GetDemoTest.getInfo(GetDemoTest.java:12)
	at com.imooc.GetDemoTest.getInfo(GetDemoTest.java:12)
	at com.imooc.GetDemoTest.getInfo(GetDemoTest.java:12)
	at com.imooc.GetDemoTest.getInfo(GetDemoTest.java:12)
	at com.imooc.GetDemoTest.getInfo(GetDemoTest.java:12)
	at com.imooc.GetDemoTest.getInfo(GetDemoTest.java:12)
	at com.imooc.GetDemoTest.getInfo(GetDemoTest.java:12)
	at com.imooc.GetDemoTest.getInfo(GetDemoTest.java:12)
	at com.imooc.GetDemoTest.getInfo(GetDemoTest.java:12)
	at com.imooc.GetDemoTest.getInfo(GetDemoTest.java:12)
	at com.imooc.GetDemoTest.getInfo(GetDemoTest.java:12)
	at com.imooc.GetDemoTest.getInfo(GetDemoTest.java:12)
	at com.imooc.GetDemoTest.getInfo(GetDemoTest.java:12)
	at com.imooc.GetDemoTest.getInfo(GetDemoTest.java:12)
	at com.imooc.GetDemoTest.getInfo(GetDemoTest.java:12)
	at com.imooc.GetDemoTest.getInfo(GetDemoTest.java:12)
	at com.imooc.GetDemoTest.getInfo(GetDemoTest.java:12)
	at com.imooc.GetDemoTest.getInfo(GetDemoTest.java:12)
	at com.imooc.GetDemoTest.getInfo(GetDemoTest.java:12)
	at com.imooc.GetDemoTest.getInfo(GetDemoTest.java:12)
	at com.imooc.GetDemoTest.getInfo(GetDemoTest.java:12)
	at com.imooc.GetDemoTest.getInfo(GetDemoTest.java:12)
	at com.imooc.GetDemoTest.getInfo(GetDemoTest.java:12)
	at com.imooc.GetDemoTest.getInfo(GetDemoTest.java:12)
	at com.imooc.GetDemoTest.getInfo(GetDemoTest.java:12)
	at com.imooc.GetDemoTest.getInfo(GetDemoTest.java:12)
	at com.imooc.GetDemoTest.getInfo(GetDemoTest.java:12)
	at com.imooc.GetDemoTest.getInfo(GetDemoTest.java:12)
	at com.imooc.GetDemoTest.getInfo(GetDemoTest.java:12)
	at com.imooc.GetDemoTest.getInfo(GetDemoTest.java:12)
	at com.imooc.GetDemoTest.getInfo(GetDemoTest.java:12)
	at com.imooc.GetDemoTest.getInfo(GetDemoTest.java:12)
	at com.imooc.GetDemoTest.getInfo(GetDemoTest.java:12)
	at com.imooc.GetDemoTest.getInfo(GetDemoTest.java:12)
	at com.imooc.GetDemoTest.getInfo(GetDemoTest.java:12)
	at com.imooc.GetDemoTest.getInfo(GetDemoTest.java:12)
	at com.imooc.GetDemoTest.getInfo(GetDemoTest.java:12)
	at com.imooc.GetDemoTest.getInfo(GetDemoTest.java:12)
	at com.imooc.GetDemoTest.getInfo(GetDemoTest.java:12)
	at com.imooc.GetDemoTest.getInfo(GetDemoTest.java:12)
	at com.imooc.GetDemoTest.getInfo(GetDemoTest.java:12)
	at com.imooc.GetDemoTest.getInfo(GetDemoTest.java:12)
	at com.imooc.GetDemoTest.getInfo(GetDemoTest.java:12)
	at com.imooc.GetDemoTest.getInfo(GetDemoTest.java:12)
	at com.imooc.GetDemoTest.getInfo(GetDemoTest.java:12)
	at com.imooc.GetDemoTest.getInfo(GetDemoTest.java:12)
	at com.imooc.GetDemoTest.getInfo(GetDemoTest.java:12)
	at com.imooc.GetDemoTest.getInfo(GetDemoTest.java:12)
	at com.imooc.GetDemoTest.getInfo(GetDemoTest.java:12)
	at com.imooc.GetDemoTest.getInfo(GetDemoTest.java:12)
	at com.imooc.GetDemoTest.getInfo(GetDemoTest.java:12)
	at com.imooc.GetDemoTest.getInfo(GetDemoTest.java:12)
	at com.imooc.GetDemoTest.getInfo(GetDemoTest.java:12)
	at com.imooc.GetDemoTest.getInfo(GetDemoTest.java:12)
	at com.imooc.GetDemoTest.getInfo(GetDemoTest.java:12)
	at com.imooc.GetDemoTest.getInfo(GetDemoTest.java:12)
	at com.imooc.GetDemoTest.getInfo(GetDemoTest.java:12)
	at com.imooc.GetDemoTest.getInfo(GetDemoTest.java:12)
	at com.imooc.GetDemoTest.getInfo(GetDemoTest.java:12)
	at com.imooc.GetDemoTest.getInfo(GetDemoTest.java:12)
	at com.imooc.GetDemoTest.getInfo(GetDemoTest.java:12)
	at com.imooc.GetDemoTest.getInfo(GetDemoTest.java:12)
	at com.imooc.GetDemoTest.getInfo(GetDemoTest.java:12)
	at com.imooc.GetDemoTest.getInfo(GetDemoTest.java:12)
	at com.imooc.GetDemoTest.getInfo(GetDemoTest.java:12)
	at com.imooc.GetDemoTest.getInfo(GetDemoTest.java:12)
	at com.imooc.GetDemoTest.getInfo(GetDemoTest.java:12)
	at com.imooc.GetDemoTest.getInfo(GetDemoTest.java:12)
	at com.imooc.GetDemoTest.getInfo(GetDemoTest.java:12)
	at com.imooc.GetDemoTest.getInfo(GetDemoTest.java:12)
	at com.imooc.GetDemoTest.getInfo(GetDemoTest.java:12)
	at com.imooc.GetDemoTest.getInfo(GetDemoTest.java:12)
	at com.imooc.GetDemoTest.getInfo(GetDemoTest.java:12)
	at com.imooc.GetDemoTest.getInfo(GetDemoTest.java:12)
	at com.imooc.GetDemoTest.getInfo(GetDemoTest.java:12)
	at com.imooc.GetDemoTest.getInfo(GetDemoTest.java:12)
	at com.imooc.GetDemoTest.getInfo(GetDemoTest.java:12)
	at com.imooc.GetDemoTest.getInfo(GetDemoTest.java:12)
	at com.imooc.GetDemoTest.getInfo(GetDemoTest.java:12)
	at com.imooc.GetDemoTest.getInfo(GetDemoTest.java:12)
	at com.imooc.GetDemoTest.getInfo(GetDemoTest.java:12)
	at com.imooc.GetDemoTest.getInfo(GetDemoTest.java:12)
	at com.imooc.GetDemoTest.getInfo(GetDemoTest.java:12)
	at com.imooc.GetDemoTest.getInfo(GetDemoTest.java:12)
	at com.imooc.GetDemoTest.getInfo(GetDemoTest.java:12)
	at com.imooc.GetDemoTest.getInfo(GetDemoTest.java:12)
	at com.imooc.GetDemoTest.getInfo(GetDemoTest.java:12)
	at com.imooc.GetDemoTest.getInfo(GetDemoTest.java:12)
	at com.imooc.GetDemoTest.getInfo(GetDemoTest.java:12)
	at com.imooc.GetDemoTest.getInfo(GetDemoTest.java:12)
	at com.imooc.GetDemoTest.getInfo(GetDemoTest.java:12)
	at com.imooc.GetDemoTest.getInfo(GetDemoTest.java:12)
	at com.imooc.GetDemoTest.getInfo(GetDemoTest.java:12)
	at com.imooc.GetDemoTest.getInfo(GetDemoTest.java:12)
	at com.imooc.GetDemoTest.getInfo(GetDemoTest.java:12)
	at com.imooc.GetDemoTest.getInfo(GetDemoTest.java:12)
	at com.imooc.GetDemoTest.getInfo(GetDemoTest.java:12)
	at com.imooc.GetDemoTest.getInfo(GetDemoTest.java:12)
	at com.imooc.GetDemoTest.getInfo(GetDemoTest.java:12)
	at com.imooc.GetDemoTest.getInfo(GetDemoTest.java:12)
	at com.imooc.GetDemoTest.getInfo(GetDemoTest.java:12)
	at com.imooc.GetDemoTest.getInfo(GetDemoTest.java:12)
	at com.imooc.GetDemoTest.getInfo(GetDemoTest.java:12)
	at com.imooc.GetDemoTest.getInfo(GetDemoTest.java:12)
	at com.imooc.GetDemoTest.getInfo(GetDemoTest.java:12)
	at com.imooc.GetDemoTest.getInfo(GetDemoTest.java:12)
	at com.imooc.GetDemoTest.getInfo(GetDemoTest.java:12)
	at com.imooc.GetDemoTest.getInfo(GetDemoTest.java:12)
	at com.imooc.GetDemoTest.getInfo(GetDemoTest.java:12)
	at com.imooc.GetDemoTest.getInfo(GetDemoTest.java:12)
	at com.imooc.GetDemoTest.getInfo(GetDemoTest.java:12)
	at com.imooc.GetDemoTest.getInfo(GetDemoTest.java:12)
	at com.imooc.GetDemoTest.getInfo(GetDemoTest.java:12)
	at com.imooc.GetDemoTest.getInfo(GetDemoTest.java:12)
	at com.imooc.GetDemoTest.getInfo(GetDemoTest.java:12)
	at com.imooc.GetDemoTest.getInfo(GetDemoTest.java:12)
	at com.imooc.GetDemoTest.getInfo(GetDemoTest.java:12)
	at com.imooc.GetDemoTest.getInfo(GetDemoTest.java:12)
	at com.imooc.GetDemoTest.getInfo(GetDemoTest.java:12)
	at com.imooc.GetDemoTest.getInfo(GetDemoTest.java:12)
	at com.imooc.GetDemoTest.getInfo(GetDemoTest.java:12)
	at com.imooc.GetDemoTest.getInfo(GetDemoTest.java:12)
	at com.imooc.GetDemoTest.getInfo(GetDemoTest.java:12)
	at com.imooc.GetDemoTest.getInfo(GetDemoTest.java:12)
	at com.imooc.GetDemoTest.getInfo(GetDemoTest.java:12)
	at com.imooc.GetDemoTest.getInfo(GetDemoTest.java:12)
	at com.imooc.GetDemoTest.getInfo(GetDemoTest.java:12)
	at com.imooc.GetDemoTest.getInfo(GetDemoTest.java:12)
	at com.imooc.GetDemoTest.getInfo(GetDemoTest.java:12)
	at com.imooc.GetDemoTest.getInfo(GetDemoTest.java:12)
	at com.imooc.GetDemoTest.getInfo(GetDemoTest.java:12)
	at com.imooc.GetDemoTest.getInfo(GetDemoTest.java:12)
	at com.imooc.GetDemoTest.getInfo(GetDemoTest.java:12)
	at com.imooc.GetDemoTest.getInfo(GetDemoTest.java:12)
	at com.imooc.GetDemoTest.getInfo(GetDemoTest.java:12)
	at com.imooc.GetDemoTest.getInfo(GetDemoTest.java:12)
	at com.imooc.GetDemoTest.getInfo(GetDemoTest.java:12)
	at com.imooc.GetDemoTest.getInfo(GetDemoTest.java:12)
	at com.imooc.GetDemoTest.getInfo(GetDemoTest.java:12)
	at com.imooc.GetDemoTest.getInfo(GetDemoTest.java:12)
	at com.imooc.GetDemoTest.getInfo(GetDemoTest.java:12)
	at com.imooc.GetDemoTest.getInfo(GetDemoTest.java:12)
	at com.imooc.GetDemoTest.getInfo(GetDemoTest.java:12)
	at com.imooc.GetDemoTest.getInfo(GetDemoTest.java:12)
	at com.imooc.GetDemoTest.getInfo(GetDemoTest.java:12)
	at com.imooc.GetDemoTest.getInfo(GetDemoTest.java:12)
	at com.imooc.GetDemoTest.getInfo(GetDemoTest.java:12)
	at com.imooc.GetDemoTest.getInfo(GetDemoTest.java:12)
	at com.imooc.GetDemoTest.getInfo(GetDemoTest.java:12)
	at com.imooc.GetDemoTest.getInfo(GetDemoTest.java:12)
	at com.imooc.GetDemoTest.getInfo(GetDemoTest.java:12)
	at com.imooc.GetDemoTest.getInfo(GetDemoTest.java:12)
	at com.imooc.GetDemoTest.getInfo(GetDemoTest.java:12)
	at com.imooc.GetDemoTest.getInfo(GetDemoTest.java:12)
	at com.imooc.GetDemoTest.getInfo(GetDemoTest.java:12)
	at com.imooc.GetDemoTest.getInfo(GetDemoTest.java:12)
	at com.imooc.GetDemoTest.getInfo(GetDemoTest.java:12)
	at com.imooc.GetDemoTest.getInfo(GetDemoTest.java:12)
	at com.imooc.GetDemoTest.getInfo(GetDemoTest.java:12)
	at com.imooc.GetDemoTest.getInfo(GetDemoTest.java:12)
	at com.imooc.GetDemoTest.getInfo(GetDemoTest.java:12)
	at com.imooc.GetDemoTest.getInfo(GetDemoTest.java:12)
	at com.imooc.GetDemoTest.getInfo(GetDemoTest.java:12)
	at com.imooc.GetDemoTest.getInfo(GetDemoTest.java:12)
	at com.imooc.GetDemoTest.getInfo(GetDemoTest.java:12)
	at com.imooc.GetDemoTest.getInfo(GetDemoTest.java:12)
	at com.imooc.GetDemoTest.getInfo(GetDemoTest.java:12)
	at com.imooc.GetDemoTest.getInfo(GetDemoTest.java:12)
	at com.imooc.GetDemoTest.getInfo(GetDemoTest.java:12)
	at com.imooc.GetDemoTest.getInfo(GetDemoTest.java:12)
	at com.imooc.GetDemoTest.getInfo(GetDemoTest.java:12)
	at com.imooc.GetDemoTest.getInfo(GetDemoTest.java:12)
	at com.imooc.GetDemoTest.getInfo(GetDemoTest.java:12)
</error>
  </testcase>
</testsuite>