<?xml version="1.0" encoding="UTF-8"?>
<!-- Generated by org.testng.reporters.JUnitXMLReporter -->
<testsuite hostname="LAPTOP-5VPLT75S" ignored="0" name="mock测试" tests="5" failures="0" timestamp="2020-08-10T15:50:42 GST" time="0.093" errors="0">
  <testcase name="getCookies" time="0.027" classname="com.cases.GetTest"/>
  <testcase name="setCookies" time="0.002" classname="com.cases.GetTest"/>
  <testcase name="test" time="0.034" classname="com.cases.GetTest"/>
  <testcase name="test01" time="0.005" classname="com.cases.GetTest"/>
  <testcase name="test02" time="0.005" classname="com.cases.GetTest"/>
</testsuite> <!-- mock测试 -->
