<?xml version="1.0" encoding="UTF-8"?>
<!-- Generated by org.testng.reporters.JUnitXMLReporter -->
<testsuite hostname="LAPTOP-5VPLT75S" ignored="0" name="Command line test" tests="6" failures="0" timestamp="2020-08-03T14:58:14 GST" time="0.107" errors="0">
  <testcase name="getCookies" time="0.03" classname="com.cases.GetTest"/>
  <testcase name="setCookies" time="0.005" classname="com.cases.GetTest"/>
  <testcase name="test" time="0.037" classname="com.cases.GetTest"/>
  <testcase name="test01" time="0.007" classname="com.cases.GetTest"/>
  <testcase name="test02" time="0.005" classname="com.cases.GetTest"/>
  <testcase name="test05" time="0.002" classname="com.cases.GetTest"/>
</testsuite> <!-- Command line test -->
