<?xml version="1.0" encoding="UTF-8"?>
<testng-results skipped="0" failed="0" ignored="0" total="5" passed="5">
  <reporter-output>
  </reporter-output>
  <suite name="ApiSuite" duration-ms="113" started-at="2020-08-10T15:49:54 GST" finished-at="2020-08-10T15:49:54 GST">
    <groups>
    </groups>
    <test name="mock测试" duration-ms="113" started-at="2020-08-10T15:49:54 GST" finished-at="2020-08-10T15:49:54 GST">
      <class name="com.cases.GetTest">
        <test-method status="PASS" signature="getCookies()[pri:0, instance:com.cases.GetTest@6ff65192]" name="getCookies" duration-ms="33" started-at="2020-08-10T15:49:54 GST" finished-at="2020-08-10T15:49:54 GST">
          <reporter-output>
          </reporter-output>
        </test-method> <!-- getCookies -->
        <test-method status="PASS" signature="setCookies()[pri:0, instance:com.cases.GetTest@6ff65192]" name="setCookies" duration-ms="3" started-at="2020-08-10T15:49:54 GST" finished-at="2020-08-10T15:49:54 GST">
          <reporter-output>
          </reporter-output>
        </test-method> <!-- setCookies -->
        <test-method status="PASS" signature="test()[pri:0, instance:com.cases.GetTest@6ff65192]" name="test" duration-ms="43" started-at="2020-08-10T15:49:54 GST" finished-at="2020-08-10T15:49:54 GST">
          <reporter-output>
          </reporter-output>
        </test-method> <!-- test -->
        <test-method status="PASS" signature="test01()[pri:0, instance:com.cases.GetTest@6ff65192]" name="test01" duration-ms="6" started-at="2020-08-10T15:49:54 GST" finished-at="2020-08-10T15:49:54 GST">
          <reporter-output>
          </reporter-output>
        </test-method> <!-- test01 -->
        <test-method status="PASS" signature="test02()[pri:0, instance:com.cases.GetTest@6ff65192]" name="test02" duration-ms="7" started-at="2020-08-10T15:49:54 GST" finished-at="2020-08-10T15:49:54 GST">
          <reporter-output>
          </reporter-output>
        </test-method> <!-- test02 -->
      </class> <!-- com.cases.GetTest -->
    </test> <!-- mock测试 -->
  </suite> <!-- ApiSuite -->
</testng-results>
