<?xml version="1.0" encoding="UTF-8"?>
<!-- Generated by org.testng.reporters.JUnitXMLReporter -->
<testsuite hostname="LAPTOP-5VPLT75S" ignored="0" name="Command line test" tests="6" failures="0" timestamp="2020-08-03T15:42:55 GST" time="0.163" errors="0">
  <testcase name="getCookies" time="0.043" classname="com.cases.GetTest"/>
  <testcase name="setCookies" time="0.005" classname="com.cases.GetTest"/>
  <testcase name="test" time="0.057" classname="com.cases.GetTest"/>
  <testcase name="test01" time="0.01" classname="com.cases.GetTest"/>
  <testcase name="test02" time="0.012" classname="com.cases.GetTest"/>
  <testcase name="test05" time="0.004" classname="com.cases.GetTest"/>
</testsuite> <!-- Command line test -->
