<?xml version="1.0" encoding="UTF-8"?>
<testsuite xmlns:xsi="http://www.w3.org/2001/XMLSchema-instance" xsi:noNamespaceSchemaLocation="https://maven.apache.org/surefire/maven-surefire-plugin/xsd/surefire-test-report.xsd" name="TestSuite" time="22.013" tests="4" errors="0" skipped="0" failures="1">
  <properties>
[...]
</properties>
  <testcase name="getCookie" classname="com.httpclient1.DemoTest" time="21.429">
    <failure message="Connection timed out: connect" type="java.net.ConnectException">java.net.ConnectException: Connection timed out: connect
	at com.httpclient1.DemoTest.getCookie(DemoTest.java:29)
</failure>
    <system-out><![CDATA[[TestNGContentHandler] [WARN] It is strongly recommended to add "<!DOCTYPE suite SYSTEM "https://testng.org/testng-1.0.dtd" >" at the top of your file, otherwise TestNG may fail or not work as expected.
]]></system-out>
  </testcase>
  <testcase name="getCookies" classname="com.httpclient1.DemoTest" time="0.035"/>
  <testcase name="jsonGet" classname="com.httpclient1.DemoTest" time="0.004"/>
  <testcase name="setCookie" classname="com.httpclient1.DemoTest" time="0.006"/>
</testsuite>